Using pre-set license
Built from '2021.3/staging' branch; Version is '2021.3.19f1 (c9714fde33b6) revision 13201743'; Using compiler version '192829333'; Build Type 'Release'
OS: 'Windows 11  (10.0.22621) 64bit Core' Language: 'ko' Physical Memory: 16187 MB
BatchMode: 1, IsHumanControllingUs: 0, StartBugReporterOnCrash: 0, Is64bit: 1, IsPro: 1

COMMAND LINE ARGUMENTS:
C:\Program Files\Unity\Hub\Editor\2021.3.19f1\Editor\Unity.exe
-adb2
-batchMode
-noUpm
-name
AssetImportWorker8
-projectPath
C:/Users/icesh/OneDrive/바탕 화면/MaGame/My project
-logFile
Logs/AssetImportWorker8.log
-srvPort
54275
Successfully changed project path to: C:/Users/icesh/OneDrive/바탕 화면/MaGame/My project
C:/Users/icesh/OneDrive/바탕 화면/MaGame/My project
[UnityMemory] Configuration Parameters - Can be set up in boot.config
    "memorysetup-bucket-allocator-granularity=16"
    "memorysetup-bucket-allocator-bucket-count=8"
    "memorysetup-bucket-allocator-block-size=33554432"
    "memorysetup-bucket-allocator-block-count=8"
    "memorysetup-main-allocator-block-size=16777216"
    "memorysetup-thread-allocator-block-size=16777216"
    "memorysetup-gfx-main-allocator-block-size=16777216"
    "memorysetup-gfx-thread-allocator-block-size=16777216"
    "memorysetup-cache-allocator-block-size=4194304"
    "memorysetup-typetree-allocator-block-size=2097152"
    "memorysetup-profiler-bucket-allocator-granularity=16"
    "memorysetup-profiler-bucket-allocator-bucket-count=8"
    "memorysetup-profiler-bucket-allocator-block-size=33554432"
    "memorysetup-profiler-bucket-allocator-block-count=8"
    "memorysetup-profiler-allocator-block-size=16777216"
    "memorysetup-profiler-editor-allocator-block-size=1048576"
    "memorysetup-temp-allocator-size-main=16777216"
    "memorysetup-job-temp-allocator-block-size=2097152"
    "memorysetup-job-temp-allocator-block-size-background=1048576"
    "memorysetup-job-temp-allocator-reduction-small-platforms=262144"
    "memorysetup-temp-allocator-size-background-worker=32768"
    "memorysetup-temp-allocator-size-job-worker=262144"
    "memorysetup-temp-allocator-size-preload-manager=33554432"
    "memorysetup-temp-allocator-size-nav-mesh-worker=65536"
    "memorysetup-temp-allocator-size-audio-worker=65536"
    "memorysetup-temp-allocator-size-cloud-worker=32768"
    "memorysetup-temp-allocator-size-gi-baking-worker=262144"
    "memorysetup-temp-allocator-size-gfx=262144"
Player connection [21596] Host "[IP] 192.168.24.11 [Port] 0 [Flags] 2 [Guid] 3155346950 [EditorId] 3155346950 [Version] 1048832 [Id] WindowsEditor(7,Main-Notebook) [Debug] 1 [PackageName] WindowsEditor [ProjectName] Editor" joined multi-casting on [225.0.0.222:54997]...

Player connection [21596] Host "[IP] 192.168.24.11 [Port] 0 [Flags] 2 [Guid] 3155346950 [EditorId] 3155346950 [Version] 1048832 [Id] WindowsEditor(7,Main-Notebook) [Debug] 1 [PackageName] WindowsEditor [ProjectName] Editor" joined alternative multi-casting on [225.0.0.222:34997]...

Refreshing native plugins compatible for Editor in 158.70 ms, found 3 plugins.
Preloading 0 native plugins for Editor in 0.00 ms.
Initialize engine version: 2021.3.19f1 (c9714fde33b6)
[Subsystems] Discovering subsystems at path C:/Program Files/Unity/Hub/Editor/2021.3.19f1/Editor/Data/Resources/UnitySubsystems
[Subsystems] Discovering subsystems at path C:/Users/icesh/OneDrive/바탕 화면/MaGame/My project/Assets
GfxDevice: creating device client; threaded=0; jobified=0
Direct3D:
    Version:  Direct3D 11.0 [level 11.1]
    Renderer: NVIDIA GeForce GTX 1660 Ti (ID=0x2191)
    Vendor:   NVIDIA
    VRAM:     5979 MB
    Driver:   31.0.15.3141
Initialize mono
Mono path[0] = 'C:/Program Files/Unity/Hub/Editor/2021.3.19f1/Editor/Data/Managed'
Mono path[1] = 'C:/Program Files/Unity/Hub/Editor/2021.3.19f1/Editor/Data/MonoBleedingEdge/lib/mono/unityjit-win32'
Mono config path = 'C:/Program Files/Unity/Hub/Editor/2021.3.19f1/Editor/Data/MonoBleedingEdge/etc'
Using monoOptions --debugger-agent=transport=dt_socket,embedding=1,server=y,suspend=n,address=127.0.0.1:56716
Begin MonoManager ReloadAssembly
Registering precompiled unity dll's ...
Register platform support module: C:/Program Files/Unity/Hub/Editor/2021.3.19f1/Editor/Data/PlaybackEngines/AndroidPlayer/UnityEditor.Android.Extensions.dll
Register platform support module: C:/Program Files/Unity/Hub/Editor/2021.3.19f1/Editor/Data/PlaybackEngines/WindowsStandaloneSupport/UnityEditor.WindowsStandalone.Extensions.dll
Registered in 0.019242 seconds.
Native extension for WindowsStandalone target not found
Native extension for Android target not found
Android Extension - Scanning For ADB Devices 599 ms
Refreshing native plugins compatible for Editor in 135.37 ms, found 3 plugins.
Preloading 0 native plugins for Editor in 0.00 ms.
Mono: successfully reloaded assembly
- Completed reload, in  1.729 seconds
Domain Reload Profiling:
	ReloadAssembly (1730ms)
		BeginReloadAssembly (153ms)
			ExecutionOrderSort (0ms)
			DisableScriptedObjects (0ms)
			BackupInstance (0ms)
			ReleaseScriptingObjects (0ms)
			CreateAndSetChildDomain (1ms)
		EndReloadAssembly (1376ms)
			LoadAssemblies (148ms)
			RebuildTransferFunctionScriptingTraits (0ms)
			SetupTypeCache (182ms)
			ReleaseScriptCaches (0ms)
			RebuildScriptCaches (45ms)
			SetupLoadedEditorAssemblies (1060ms)
				LogAssemblyErrors (0ms)
				InitializePlatformSupportModulesInManaged (713ms)
				SetLoadedEditorAssemblies (0ms)
				RefreshPlugins (135ms)
				BeforeProcessingInitializeOnLoad (2ms)
				ProcessInitializeOnLoadAttributes (133ms)
				ProcessInitializeOnLoadMethodAttributes (76ms)
				AfterProcessingInitializeOnLoad (0ms)
				EditorAssembliesLoaded (0ms)
			ExecutionOrderSort2 (0ms)
			AwakeInstancesAfterBackupRestoration (0ms)
Platform modules already initialized, skipping
Registering precompiled user dll's ...
Registered in 0.012884 seconds.
Begin MonoManager ReloadAssembly
Symbol file LoadedFromMemory doesn't match image C:\Users\icesh\OneDrive\바탕 화면\MaGame\My project\Library\PackageCache\com.unity.visualscripting@1.8.0\Editor\VisualScripting.Core\Dependencies\YamlDotNet\Unity.VisualScripting.YamlDotNet.dll
Symbol file LoadedFromMemory doesn't match image C:\Users\icesh\OneDrive\바탕 화면\MaGame\My project\Library\PackageCache\com.unity.visualscripting@1.8.0\Editor\VisualScripting.Core\Dependencies\DotNetZip\Unity.VisualScripting.IonicZip.dll
Native extension for WindowsStandalone target not found
Native extension for Android target not found
Refreshing native plugins compatible for Editor in 0.75 ms, found 3 plugins.
Preloading 0 native plugins for Editor in 0.00 ms.
System.Exception: Error! Visual Scripting: couldn't find visual scripting package
  at Unity.VisualScripting.PackageVersionUtility.get_version () [0x00043] in C:\Users\icesh\OneDrive\바탕 화면\MaGame\My project\Library\PackageCache\com.unity.visualscripting@1.8.0\Editor\VisualScripting.Core\Utilities\PackageVersionUtility.cs:31 
  at Unity.VisualScripting.BoltCoreManifest.get_version () [0x00000] in C:\Users\icesh\OneDrive\바탕 화면\MaGame\My project\Library\PackageCache\com.unity.visualscripting@1.8.0\Editor\VisualScripting.Core\Plugin\BoltCoreManifest.cs:11 
  at Unity.VisualScripting.PluginManifest.get_currentVersion () [0x00000] in C:\Users\icesh\OneDrive\바탕 화면\MaGame\My project\Library\PackageCache\com.unity.visualscripting@1.8.0\Editor\VisualScripting.Core\Plugins\PluginManifest.cs:33 
  at Unity.VisualScripting.PluginManifest.get_versionMismatch () [0x00000] in C:\Users\icesh\OneDrive\바탕 화면\MaGame\My project\Library\PackageCache\com.unity.visualscripting@1.8.0\Editor\VisualScripting.Core\Plugins\PluginManifest.cs:48 
  at Unity.VisualScripting.PluginContainer.Initialize () [0x00525] in C:\Users\icesh\OneDrive\바탕 화면\MaGame\My project\Library\PackageCache\com.unity.visualscripting@1.8.0\Editor\VisualScripting.Core\Plugins\PluginContainer.cs:208 
  at Unity.VisualScripting.PluginContainer.InitializeOnLoad () [0x00009] in C:\Users\icesh\OneDrive\바탕 화면\MaGame\My project\Library\PackageCache\com.unity.visualscripting@1.8.0\Editor\VisualScripting.Core\Plugins\PluginContainer.cs:32 
  at Unity.VisualScripting.VSUsageUtility.DoInitializeOnLoadCalls () [0x00034] in C:\Users\icesh\OneDrive\바탕 화면\MaGame\My project\Library\PackageCache\com.unity.visualscripting@1.8.0\Editor\VisualScripting.Core\Utilities\VSUsageUtility.cs:76 
  at Unity.VisualScripting.VSUsageUtility.set_isVisualScriptingUsed (System.Boolean value) [0x0002c] in C:\Users\icesh\OneDrive\바탕 화면\MaGame\My project\Library\PackageCache\com.unity.visualscripting@1.8.0\Editor\VisualScripting.Core\Utilities\VSUsageUtility.cs:114 
  at Unity.VisualScripting.VSUsageUtility.CheckAndSetIsVisualScriptingUsed () [0x00032] in C:\Users\icesh\OneDrive\바탕 화면\MaGame\My project\Library\PackageCache\com.unity.visualscripting@1.8.0\Editor\VisualScripting.Core\Utilities\VSUsageUtility.cs:48 
  at Unity.VisualScripting.VSUsageUtility..cctor () [0x00000] in C:\Users\icesh\OneDrive\바탕 화면\MaGame\My project\Library\PackageCache\com.unity.visualscripting@1.8.0\Editor\VisualScripting.Core\Utilities\VSUsageUtility.cs:22 
UnityEngine.StackTraceUtility:ExtractStackTrace ()
UnityEngine.DebugLogHandler:LogFormat (UnityEngine.LogType,UnityEngine.Object,string,object[])
UnityEngine.Logger:Log (UnityEngine.LogType,object)
UnityEngine.Debug:LogError (object)
UnityEditor.EditorAssemblies:ProcessInitializeOnLoadAttributes (System.Type[])

Mono: successfully reloaded assembly
- Completed reload, in  2.343 seconds
Domain Reload Profiling:
	ReloadAssembly (2344ms)
		BeginReloadAssembly (194ms)
			ExecutionOrderSort (0ms)
			DisableScriptedObjects (9ms)
			BackupInstance (0ms)
			ReleaseScriptingObjects (0ms)
			CreateAndSetChildDomain (28ms)
		EndReloadAssembly (1956ms)
			LoadAssemblies (178ms)
			RebuildTransferFunctionScriptingTraits (0ms)
			SetupTypeCache (438ms)
			ReleaseScriptCaches (1ms)
			RebuildScriptCaches (84ms)
			SetupLoadedEditorAssemblies (1197ms)
				LogAssemblyErrors (0ms)
				InitializePlatformSupportModulesInManaged (31ms)
				SetLoadedEditorAssemblies (1ms)
				RefreshPlugins (1ms)
				BeforeProcessingInitializeOnLoad (151ms)
				ProcessInitializeOnLoadAttributes (949ms)
				ProcessInitializeOnLoadMethodAttributes (43ms)
				AfterProcessingInitializeOnLoad (21ms)
				EditorAssembliesLoaded (0ms)
			ExecutionOrderSort2 (0ms)
			AwakeInstancesAfterBackupRestoration (22ms)
Platform modules already initialized, skipping
========================================================================
Worker process is ready to serve import requests
Launched and connected shader compiler UnityShaderCompiler.exe after 0.10 seconds
Refreshing native plugins compatible for Editor in 0.72 ms, found 3 plugins.
Preloading 0 native plugins for Editor in 0.00 ms.
Unloading 3277 Unused Serialized files (Serialized files now loaded: 0)
Unloading 26 unused Assets / (56.7 KB). Loaded Objects now: 3747.
Memory consumption went from 125.2 MB to 125.1 MB.
Total: 17.679500 ms (FindLiveObjects: 0.494900 ms CreateObjectMapping: 0.285200 ms MarkObjects: 16.786900 ms  DeleteObjects: 0.111400 ms)

AssetImportParameters requested are different than current active one (requested -> active):
  custom:video-decoder-ogg-theora: a1e56fd34408186e4bbccfd4996cb3dc -> 
  custom:container-muxer-webm: aa71ff27fc2769a1b78a27578f13a17b -> 
  custom:container-demuxer-webm: 4f35f7cbe854078d1ac9338744f61a02 -> 
  custom:video-encoder-webm-vp8: eb34c28f22e8b96e1ab97ce403110664 -> 
  custom:audio-encoder-webm-vorbis: bf7c407c2cedff20999df2af8eb42d56 -> 
  custom:framework-win-MediaFoundation: 216162199b28c13a410421893ffa2e32 -> 
  custom:container-demuxer-ogg: 62fdf1f143b41e24485cea50d1cbac27 -> 
  custom:video-decoder-webm-vp8: 9c59270c3fd7afecdb556c50c9e8de78 -> 
  custom:audio-decoder-ogg-vorbis: bf7c407c2cedff20999df2af8eb42d56 -> 
========================================================================
Received Import Request.
  Time since last request: 3967.038498 seconds.
  path: Assets/Resources/Prefabs/UI/DroneUI.prefab
  artifactKey: Guid(7bdb1d76eb6c7584e9037020725f9a58) Importer(815301076,1909f56bfc062723c751e8b465ee728b)
Start importing Assets/Resources/Prefabs/UI/DroneUI.prefab using Guid(7bdb1d76eb6c7584e9037020725f9a58) Importer(815301076,1909f56bfc062723c751e8b465ee728b)  -> (artifact id: 'fb58d769cd707fc8fae8957ef39c2364') in 0.101312 seconds 
========================================================================
Received Import Request.
  Time since last request: 5.868124 seconds.
  path: Assets/Resources/Prefabs/UI/DroneUI.prefab
  artifactKey: Guid(7bdb1d76eb6c7584e9037020725f9a58) Importer(815301076,1909f56bfc062723c751e8b465ee728b)
Start importing Assets/Resources/Prefabs/UI/DroneUI.prefab using Guid(7bdb1d76eb6c7584e9037020725f9a58) Importer(815301076,1909f56bfc062723c751e8b465ee728b)  -> (artifact id: 'a092fdd0e5ce4fa403caa52b9e017c41') in 0.008603 seconds 
========================================================================
Received Import Request.
  Time since last request: 15.449093 seconds.
  path: Assets/Resources/Prefabs/UI/mineUI.prefab
  artifactKey: Guid(7b680ccf71428034b9cb349b7865542e) Importer(815301076,1909f56bfc062723c751e8b465ee728b)
Start importing Assets/Resources/Prefabs/UI/mineUI.prefab using Guid(7b680ccf71428034b9cb349b7865542e) Importer(815301076,1909f56bfc062723c751e8b465ee728b)  -> (artifact id: '174dad004f6ccc29ba5be5a14da11c4a') in 0.008229 seconds 
========================================================================
Received Import Request.
  Time since last request: 15.366829 seconds.
  path: Assets/Resources/Prefabs/UI/ShieldUI.prefab
  artifactKey: Guid(6d17ae0ce01c75744892503daf655116) Importer(815301076,1909f56bfc062723c751e8b465ee728b)
Start importing Assets/Resources/Prefabs/UI/ShieldUI.prefab using Guid(6d17ae0ce01c75744892503daf655116) Importer(815301076,1909f56bfc062723c751e8b465ee728b)  -> (artifact id: 'e8333a7b55901da86b44e4d953ba0d71') in 0.008385 seconds 
========================================================================
Received Import Request.
  Time since last request: 57.568522 seconds.
  path: Assets/Scenes/MainMenu.unity
  artifactKey: Guid(b1ce08207b9183c41af075934974c38e) Importer(815301076,1909f56bfc062723c751e8b465ee728b)
Start importing Assets/Scenes/MainMenu.unity using Guid(b1ce08207b9183c41af075934974c38e) Importer(815301076,1909f56bfc062723c751e8b465ee728b)  -> (artifact id: 'db25098ecd97c2dcacb9d415751f37ed') in 0.009229 seconds 
========================================================================
Received Import Request.
  Time since last request: 38.593760 seconds.
  path: Assets/Scenes/MainMenu.unity
  artifactKey: Guid(b1ce08207b9183c41af075934974c38e) Importer(815301076,1909f56bfc062723c751e8b465ee728b)
Start importing Assets/Scenes/MainMenu.unity using Guid(b1ce08207b9183c41af075934974c38e) Importer(815301076,1909f56bfc062723c751e8b465ee728b)  -> (artifact id: '06af146fb48d7c3a4960331037991a00') in 0.004219 seconds 
========================================================================
Received Import Request.
  Time since last request: 15.221630 seconds.
  path: Assets/Scenes/TestGame.unity
  artifactKey: Guid(9fc0d4010bbf28b4594072e72b8655ab) Importer(815301076,1909f56bfc062723c751e8b465ee728b)
Start importing Assets/Scenes/TestGame.unity using Guid(9fc0d4010bbf28b4594072e72b8655ab) Importer(815301076,1909f56bfc062723c751e8b465ee728b)  -> (artifact id: '35bd047812fc849fa5e8e04e12981aac') in 0.010517 seconds 
========================================================================
Received Import Request.
  Time since last request: 1.540567 seconds.
  path: Assets/Scenes/StatUpgrade.unity
  artifactKey: Guid(d43673b2e11a76f4b811116d8f40c3f3) Importer(815301076,1909f56bfc062723c751e8b465ee728b)
Start importing Assets/Scenes/StatUpgrade.unity using Guid(d43673b2e11a76f4b811116d8f40c3f3) Importer(815301076,1909f56bfc062723c751e8b465ee728b)  -> (artifact id: 'c6853d432c8cf7169bf633f72dfb672d') in 0.010463 seconds 
========================================================================
Received Import Request.
  Time since last request: 165.713662 seconds.
  path: Assets/Scenes/TestGame.unity
  artifactKey: Guid(9fc0d4010bbf28b4594072e72b8655ab) Importer(815301076,1909f56bfc062723c751e8b465ee728b)
Start importing Assets/Scenes/TestGame.unity using Guid(9fc0d4010bbf28b4594072e72b8655ab) Importer(815301076,1909f56bfc062723c751e8b465ee728b)  -> (artifact id: '1b71f88dd43c2beceb21401a383bb01d') in 0.003569 seconds 
========================================================================
Received Import Request.
  Time since last request: 1.143174 seconds.
  path: Assets/Scenes/Tutorial.unity
  artifactKey: Guid(09933d82f71c30740a18e492e44102ad) Importer(815301076,1909f56bfc062723c751e8b465ee728b)
Start importing Assets/Scenes/Tutorial.unity using Guid(09933d82f71c30740a18e492e44102ad) Importer(815301076,1909f56bfc062723c751e8b465ee728b)  -> (artifact id: '1070e96bac9e81daeb7051b3fd84298a') in 0.010900 seconds 
========================================================================
Received Import Request.
  Time since last request: 21.115920 seconds.
  path: Assets/Scenes/Achive.unity
  artifactKey: Guid(4525cd32823eacd4aa8cfa2b8e21ff4b) Importer(815301076,1909f56bfc062723c751e8b465ee728b)
Start importing Assets/Scenes/Achive.unity using Guid(4525cd32823eacd4aa8cfa2b8e21ff4b) Importer(815301076,1909f56bfc062723c751e8b465ee728b)  -> (artifact id: 'b82612e539ea231dc7a5e9b1106b5807') in 0.009109 seconds 
========================================================================
Received Import Request.
  Time since last request: 1.798511 seconds.
  path: Assets/Scenes/Credit.unity
  artifactKey: Guid(a69bdfb7482b85e438a4ef414cdf09db) Importer(815301076,1909f56bfc062723c751e8b465ee728b)
Start importing Assets/Scenes/Credit.unity using Guid(a69bdfb7482b85e438a4ef414cdf09db) Importer(815301076,1909f56bfc062723c751e8b465ee728b)  -> (artifact id: '164c3ed5eac5406ed38953895c4993c0') in 0.009876 seconds 
========================================================================
Received Import Request.
  Time since last request: 20.955170 seconds.
  path: Assets/Scenes/test.unity
  artifactKey: Guid(f11f23b9b4376d247842f83c40fd797d) Importer(815301076,1909f56bfc062723c751e8b465ee728b)
Start importing Assets/Scenes/test.unity using Guid(f11f23b9b4376d247842f83c40fd797d) Importer(815301076,1909f56bfc062723c751e8b465ee728b)  -> (artifact id: '1d8f85f68207b3bbbc225e9e77d57e6f') in 0.012162 seconds 
========================================================================
Received Import Request.
  Time since last request: 1.844957 seconds.
  path: Assets/Scenes/Tutorial.unity
  artifactKey: Guid(09933d82f71c30740a18e492e44102ad) Importer(815301076,1909f56bfc062723c751e8b465ee728b)
Start importing Assets/Scenes/Tutorial.unity using Guid(09933d82f71c30740a18e492e44102ad) Importer(815301076,1909f56bfc062723c751e8b465ee728b)  -> (artifact id: 'd963c39f7200b3c20235b46a28b59a36') in 0.003579 seconds 
========================================================================
Received Prepare
Registering precompiled user dll's ...
Registered in 0.016000 seconds.
Begin MonoManager ReloadAssembly
Symbol file LoadedFromMemory doesn't match image C:\Users\icesh\OneDrive\바탕 화면\MaGame\My project\Library\PackageCache\com.unity.visualscripting@1.8.0\Editor\VisualScripting.Core\Dependencies\YamlDotNet\Unity.VisualScripting.YamlDotNet.dll
Symbol file LoadedFromMemory doesn't match image C:\Users\icesh\OneDrive\바탕 화면\MaGame\My project\Library\PackageCache\com.unity.visualscripting@1.8.0\Editor\VisualScripting.Core\Dependencies\DotNetZip\Unity.VisualScripting.IonicZip.dll
Native extension for WindowsStandalone target not found
Native extension for Android target not found
Refreshing native plugins compatible for Editor in 0.86 ms, found 3 plugins.
Preloading 0 native plugins for Editor in 0.00 ms.
System.Exception: Error! Visual Scripting: couldn't find visual scripting package
  at Unity.VisualScripting.PackageVersionUtility.get_version () [0x00043] in C:\Users\icesh\OneDrive\바탕 화면\MaGame\My project\Library\PackageCache\com.unity.visualscripting@1.8.0\Editor\VisualScripting.Core\Utilities\PackageVersionUtility.cs:31 
  at Unity.VisualScripting.BoltCoreManifest.get_version () [0x00000] in C:\Users\icesh\OneDrive\바탕 화면\MaGame\My project\Library\PackageCache\com.unity.visualscripting@1.8.0\Editor\VisualScripting.Core\Plugin\BoltCoreManifest.cs:11 
  at Unity.VisualScripting.PluginManifest.get_currentVersion () [0x00000] in C:\Users\icesh\OneDrive\바탕 화면\MaGame\My project\Library\PackageCache\com.unity.visualscripting@1.8.0\Editor\VisualScripting.Core\Plugins\PluginManifest.cs:33 
  at Unity.VisualScripting.PluginManifest.get_versionMismatch () [0x00000] in C:\Users\icesh\OneDrive\바탕 화면\MaGame\My project\Library\PackageCache\com.unity.visualscripting@1.8.0\Editor\VisualScripting.Core\Plugins\PluginManifest.cs:48 
  at Unity.VisualScripting.PluginContainer.Initialize () [0x00525] in C:\Users\icesh\OneDrive\바탕 화면\MaGame\My project\Library\PackageCache\com.unity.visualscripting@1.8.0\Editor\VisualScripting.Core\Plugins\PluginContainer.cs:208 
  at Unity.VisualScripting.PluginContainer.InitializeOnLoad () [0x00009] in C:\Users\icesh\OneDrive\바탕 화면\MaGame\My project\Library\PackageCache\com.unity.visualscripting@1.8.0\Editor\VisualScripting.Core\Plugins\PluginContainer.cs:32 
  at Unity.VisualScripting.VSUsageUtility.DoInitializeOnLoadCalls () [0x00034] in C:\Users\icesh\OneDrive\바탕 화면\MaGame\My project\Library\PackageCache\com.unity.visualscripting@1.8.0\Editor\VisualScripting.Core\Utilities\VSUsageUtility.cs:76 
  at Unity.VisualScripting.VSUsageUtility.set_isVisualScriptingUsed (System.Boolean value) [0x0002c] in C:\Users\icesh\OneDrive\바탕 화면\MaGame\My project\Library\PackageCache\com.unity.visualscripting@1.8.0\Editor\VisualScripting.Core\Utilities\VSUsageUtility.cs:114 
  at Unity.VisualScripting.VSUsageUtility.CheckAndSetIsVisualScriptingUsed () [0x0000d] in C:\Users\icesh\OneDrive\바탕 화면\MaGame\My project\Library\PackageCache\com.unity.visualscripting@1.8.0\Editor\VisualScripting.Core\Utilities\VSUsageUtility.cs:33 
  at Unity.VisualScripting.VSUsageUtility..cctor () [0x00000] in C:\Users\icesh\OneDrive\바탕 화면\MaGame\My project\Library\PackageCache\com.unity.visualscripting@1.8.0\Editor\VisualScripting.Core\Utilities\VSUsageUtility.cs:22 
UnityEngine.StackTraceUtility:ExtractStackTrace ()
UnityEngine.DebugLogHandler:LogFormat (UnityEngine.LogType,UnityEngine.Object,string,object[])
UnityEngine.Logger:Log (UnityEngine.LogType,object)
UnityEngine.Debug:LogError (object)
UnityEditor.EditorAssemblies:ProcessInitializeOnLoadAttributes (System.Type[])

Mono: successfully reloaded assembly
- Completed reload, in  2.845 seconds
Domain Reload Profiling:
	ReloadAssembly (2846ms)
		BeginReloadAssembly (322ms)
			ExecutionOrderSort (0ms)
			DisableScriptedObjects (13ms)
			BackupInstance (0ms)
			ReleaseScriptingObjects (0ms)
			CreateAndSetChildDomain (71ms)
		EndReloadAssembly (2255ms)
			LoadAssemblies (219ms)
			RebuildTransferFunctionScriptingTraits (0ms)
			SetupTypeCache (570ms)
			ReleaseScriptCaches (2ms)
			RebuildScriptCaches (87ms)
			SetupLoadedEditorAssemblies (975ms)
				LogAssemblyErrors (0ms)
				InitializePlatformSupportModulesInManaged (45ms)
				SetLoadedEditorAssemblies (1ms)
				RefreshPlugins (1ms)
				BeforeProcessingInitializeOnLoad (143ms)
				ProcessInitializeOnLoadAttributes (705ms)
				ProcessInitializeOnLoadMethodAttributes (53ms)
				AfterProcessingInitializeOnLoad (26ms)
				EditorAssembliesLoaded (0ms)
			ExecutionOrderSort2 (0ms)
			AwakeInstancesAfterBackupRestoration (29ms)
Platform modules already initialized, skipping
Refreshing native plugins compatible for Editor in 3.95 ms, found 3 plugins.
Preloading 0 native plugins for Editor in 0.00 ms.
Unloading 3250 Unused Serialized files (Serialized files now loaded: 0)
Unloading 15 unused Assets / (24.7 KB). Loaded Objects now: 3752.
Memory consumption went from 122.4 MB to 122.4 MB.
Total: 17.917100 ms (FindLiveObjects: 0.323700 ms CreateObjectMapping: 0.223500 ms MarkObjects: 17.333800 ms  DeleteObjects: 0.034200 ms)

AssetImportParameters requested are different than current active one (requested -> active):
  custom:video-decoder-ogg-theora: a1e56fd34408186e4bbccfd4996cb3dc -> 
  custom:container-muxer-webm: aa71ff27fc2769a1b78a27578f13a17b -> 
  custom:container-demuxer-webm: 4f35f7cbe854078d1ac9338744f61a02 -> 
  custom:video-encoder-webm-vp8: eb34c28f22e8b96e1ab97ce403110664 -> 
  custom:audio-encoder-webm-vorbis: bf7c407c2cedff20999df2af8eb42d56 -> 
  custom:framework-win-MediaFoundation: 216162199b28c13a410421893ffa2e32 -> 
  custom:container-demuxer-ogg: 62fdf1f143b41e24485cea50d1cbac27 -> 
  custom:video-decoder-webm-vp8: 9c59270c3fd7afecdb556c50c9e8de78 -> 
  custom:audio-decoder-ogg-vorbis: bf7c407c2cedff20999df2af8eb42d56 -> 
========================================================================
Received Prepare
Registering precompiled user dll's ...
Registered in 0.013683 seconds.
Begin MonoManager ReloadAssembly
Symbol file LoadedFromMemory doesn't match image C:\Users\icesh\OneDrive\바탕 화면\MaGame\My project\Library\PackageCache\com.unity.visualscripting@1.8.0\Editor\VisualScripting.Core\Dependencies\YamlDotNet\Unity.VisualScripting.YamlDotNet.dll
Symbol file LoadedFromMemory doesn't match image C:\Users\icesh\OneDrive\바탕 화면\MaGame\My project\Library\PackageCache\com.unity.visualscripting@1.8.0\Editor\VisualScripting.Core\Dependencies\DotNetZip\Unity.VisualScripting.IonicZip.dll
Native extension for WindowsStandalone target not found
Native extension for Android target not found
Refreshing native plugins compatible for Editor in 0.88 ms, found 3 plugins.
Preloading 0 native plugins for Editor in 0.00 ms.
System.Exception: Error! Visual Scripting: couldn't find visual scripting package
  at Unity.VisualScripting.PackageVersionUtility.get_version () [0x00043] in C:\Users\icesh\OneDrive\바탕 화면\MaGame\My project\Library\PackageCache\com.unity.visualscripting@1.8.0\Editor\VisualScripting.Core\Utilities\PackageVersionUtility.cs:31 
  at Unity.VisualScripting.BoltCoreManifest.get_version () [0x00000] in C:\Users\icesh\OneDrive\바탕 화면\MaGame\My project\Library\PackageCache\com.unity.visualscripting@1.8.0\Editor\VisualScripting.Core\Plugin\BoltCoreManifest.cs:11 
  at Unity.VisualScripting.PluginManifest.get_currentVersion () [0x00000] in C:\Users\icesh\OneDrive\바탕 화면\MaGame\My project\Library\PackageCache\com.unity.visualscripting@1.8.0\Editor\VisualScripting.Core\Plugins\PluginManifest.cs:33 
  at Unity.VisualScripting.PluginManifest.get_versionMismatch () [0x00000] in C:\Users\icesh\OneDrive\바탕 화면\MaGame\My project\Library\PackageCache\com.unity.visualscripting@1.8.0\Editor\VisualScripting.Core\Plugins\PluginManifest.cs:48 
  at Unity.VisualScripting.PluginContainer.Initialize () [0x00525] in C:\Users\icesh\OneDrive\바탕 화면\MaGame\My project\Library\PackageCache\com.unity.visualscripting@1.8.0\Editor\VisualScripting.Core\Plugins\PluginContainer.cs:208 
  at Unity.VisualScripting.PluginContainer.InitializeOnLoad () [0x00009] in C:\Users\icesh\OneDrive\바탕 화면\MaGame\My project\Library\PackageCache\com.unity.visualscripting@1.8.0\Editor\VisualScripting.Core\Plugins\PluginContainer.cs:32 
  at Unity.VisualScripting.VSUsageUtility.DoInitializeOnLoadCalls () [0x00034] in C:\Users\icesh\OneDrive\바탕 화면\MaGame\My project\Library\PackageCache\com.unity.visualscripting@1.8.0\Editor\VisualScripting.Core\Utilities\VSUsageUtility.cs:76 
  at Unity.VisualScripting.VSUsageUtility.set_isVisualScriptingUsed (System.Boolean value) [0x0002c] in C:\Users\icesh\OneDrive\바탕 화면\MaGame\My project\Library\PackageCache\com.unity.visualscripting@1.8.0\Editor\VisualScripting.Core\Utilities\VSUsageUtility.cs:114 
  at Unity.VisualScripting.VSUsageUtility.CheckAndSetIsVisualScriptingUsed () [0x0000d] in C:\Users\icesh\OneDrive\바탕 화면\MaGame\My project\Library\PackageCache\com.unity.visualscripting@1.8.0\Editor\VisualScripting.Core\Utilities\VSUsageUtility.cs:33 
  at Unity.VisualScripting.VSUsageUtility..cctor () [0x00000] in C:\Users\icesh\OneDrive\바탕 화면\MaGame\My project\Library\PackageCache\com.unity.visualscripting@1.8.0\Editor\VisualScripting.Core\Utilities\VSUsageUtility.cs:22 
UnityEngine.StackTraceUtility:ExtractStackTrace ()
UnityEngine.DebugLogHandler:LogFormat (UnityEngine.LogType,UnityEngine.Object,string,object[])
UnityEngine.Logger:Log (UnityEngine.LogType,object)
UnityEngine.Debug:LogError (object)
UnityEditor.EditorAssemblies:ProcessInitializeOnLoadAttributes (System.Type[])

Mono: successfully reloaded assembly
- Completed reload, in  2.701 seconds
Domain Reload Profiling:
	ReloadAssembly (2702ms)
		BeginReloadAssembly (292ms)
			ExecutionOrderSort (0ms)
			DisableScriptedObjects (11ms)
			BackupInstance (0ms)
			ReleaseScriptingObjects (0ms)
			CreateAndSetChildDomain (65ms)
		EndReloadAssembly (2174ms)
			LoadAssemblies (204ms)
			RebuildTransferFunctionScriptingTraits (0ms)
			SetupTypeCache (528ms)
			ReleaseScriptCaches (2ms)
			RebuildScriptCaches (76ms)
			SetupLoadedEditorAssemblies (931ms)
				LogAssemblyErrors (0ms)
				InitializePlatformSupportModulesInManaged (51ms)
				SetLoadedEditorAssemblies (1ms)
				RefreshPlugins (1ms)
				BeforeProcessingInitializeOnLoad (138ms)
				ProcessInitializeOnLoadAttributes (670ms)
				ProcessInitializeOnLoadMethodAttributes (46ms)
				AfterProcessingInitializeOnLoad (26ms)
				EditorAssembliesLoaded (0ms)
			ExecutionOrderSort2 (0ms)
			AwakeInstancesAfterBackupRestoration (25ms)
Platform modules already initialized, skipping
Refreshing native plugins compatible for Editor in 3.36 ms, found 3 plugins.
Preloading 0 native plugins for Editor in 0.00 ms.
Unloading 3250 Unused Serialized files (Serialized files now loaded: 0)
Unloading 15 unused Assets / (24.7 KB). Loaded Objects now: 3756.
Memory consumption went from 122.4 MB to 122.4 MB.
Total: 15.240400 ms (FindLiveObjects: 0.279900 ms CreateObjectMapping: 0.174400 ms MarkObjects: 14.756100 ms  DeleteObjects: 0.028900 ms)

AssetImportParameters requested are different than current active one (requested -> active):
  custom:video-decoder-ogg-theora: a1e56fd34408186e4bbccfd4996cb3dc -> 
  custom:container-muxer-webm: aa71ff27fc2769a1b78a27578f13a17b -> 
  custom:container-demuxer-webm: 4f35f7cbe854078d1ac9338744f61a02 -> 
  custom:video-encoder-webm-vp8: eb34c28f22e8b96e1ab97ce403110664 -> 
  custom:audio-encoder-webm-vorbis: bf7c407c2cedff20999df2af8eb42d56 -> 
  custom:framework-win-MediaFoundation: 216162199b28c13a410421893ffa2e32 -> 
  custom:container-demuxer-ogg: 62fdf1f143b41e24485cea50d1cbac27 -> 
  custom:video-decoder-webm-vp8: 9c59270c3fd7afecdb556c50c9e8de78 -> 
  custom:audio-decoder-ogg-vorbis: bf7c407c2cedff20999df2af8eb42d56 -> 
========================================================================
Received Import Request.
  Time since last request: 103.433364 seconds.
  path: Assets/shadow
  artifactKey: Guid(8950ee21a1942a046b09d58587a56b9c) Importer(815301076,1909f56bfc062723c751e8b465ee728b)
Start importing Assets/shadow using Guid(8950ee21a1942a046b09d58587a56b9c) Importer(815301076,1909f56bfc062723c751e8b465ee728b)  -> (artifact id: '125469bce131e128aaab31dfe46c2142') in 0.014569 seconds 
========================================================================
Received Import Request.
  Time since last request: 101.864070 seconds.
  path: Assets/JMO Assets/Cartoon FX Remaster/CFXR Assets/Misc/cfxr font AmazGoDaBold.png
  artifactKey: Guid(7ab74e659e1f0a34d9cfec21c478fc12) Importer(815301076,1909f56bfc062723c751e8b465ee728b)
Start importing Assets/JMO Assets/Cartoon FX Remaster/CFXR Assets/Misc/cfxr font AmazGoDaBold.png using Guid(7ab74e659e1f0a34d9cfec21c478fc12) Importer(815301076,1909f56bfc062723c751e8b465ee728b)  -> (artifact id: 'e697d6d1225a3be4a1bcc35fb695b6f3') in 0.385687 seconds 
========================================================================
Received Import Request.
  Time since last request: 54.272713 seconds.
  path: Assets/Animations/Player/female/New Animator Controller.controller
  artifactKey: Guid(416a559496145e442ae2da01c58b35d3) Importer(815301076,1909f56bfc062723c751e8b465ee728b)
Start importing Assets/Animations/Player/female/New Animator Controller.controller using Guid(416a559496145e442ae2da01c58b35d3) Importer(815301076,1909f56bfc062723c751e8b465ee728b)  -> (artifact id: 'e9ec381c2315c26f2d5db68fba2275ea') in 0.020413 seconds 
========================================================================
Received Import Request.
  Time since last request: 35.583547 seconds.
  path: Assets/Resources/Prefabs/Fx
  artifactKey: Guid(794ba5d14eca911438623c1f3814e0af) Importer(815301076,1909f56bfc062723c751e8b465ee728b)
Start importing Assets/Resources/Prefabs/Fx using Guid(794ba5d14eca911438623c1f3814e0af) Importer(815301076,1909f56bfc062723c751e8b465ee728b)  -> (artifact id: '2ef525abf144c4f102303f6f27400634') in 0.009317 seconds 
========================================================================
Received Import Request.
  Time since last request: 0.066962 seconds.
  path: Assets/Resources/Prefabs/Fx/Explosion.prefab
  artifactKey: Guid(69fb75dd09132c74197ab833760af507) Importer(815301076,1909f56bfc062723c751e8b465ee728b)
Start importing Assets/Resources/Prefabs/Fx/Explosion.prefab using Guid(69fb75dd09132c74197ab833760af507) Importer(815301076,1909f56bfc062723c751e8b465ee728b)  -> (artifact id: 'aff4c6d4e74b77779d293366632b875f') in 0.105816 seconds 
========================================================================
Received Import Request.
  Time since last request: 0.604660 seconds.
  path: Assets/JMO Assets/Cartoon FX (legacy)/Materials/Animated/CFX_Anim_Triangle2_AlphaBlendedPremult.mat
  artifactKey: Guid(4d5a52cb18e09b843887aee389016b8d) Importer(815301076,1909f56bfc062723c751e8b465ee728b)
Start importing Assets/JMO Assets/Cartoon FX (legacy)/Materials/Animated/CFX_Anim_Triangle2_AlphaBlendedPremult.mat using Guid(4d5a52cb18e09b843887aee389016b8d) Importer(815301076,1909f56bfc062723c751e8b465ee728b)  -> (artifact id: '11ebc8893a040bfef19e57827cfd63e1') in 0.076202 seconds 
========================================================================
Received Import Request.
  Time since last request: 14.167239 seconds.
  path: Assets/Scripts
  artifactKey: Guid(025e88b2a153f3e4195fce8110721410) Importer(815301076,1909f56bfc062723c751e8b465ee728b)
Start importing Assets/Scripts using Guid(025e88b2a153f3e4195fce8110721410) Importer(815301076,1909f56bfc062723c751e8b465ee728b)  -> (artifact id: '716bdf70c5470fe9e60997a7fb06fd9e') in 0.010749 seconds 
========================================================================
Received Import Request.
  Time since last request: 6.020715 seconds.
  path: Assets/Scripts/FXScript
  artifactKey: Guid(003cdacbb29c6a64fb341a0220b3225a) Importer(815301076,1909f56bfc062723c751e8b465ee728b)
Start importing Assets/Scripts/FXScript using Guid(003cdacbb29c6a64fb341a0220b3225a) Importer(815301076,1909f56bfc062723c751e8b465ee728b)  -> (artifact id: '04ae35045eba1644ec20aee58ddda3fa') in 0.009922 seconds 
========================================================================
Received Import Request.
  Time since last request: 5.761193 seconds.
  path: Assets/JMO Assets
  artifactKey: Guid(976974e4d3018034e87caeb9f51f20f6) Importer(815301076,1909f56bfc062723c751e8b465ee728b)
Start importing Assets/JMO Assets using Guid(976974e4d3018034e87caeb9f51f20f6) Importer(815301076,1909f56bfc062723c751e8b465ee728b)  -> (artifact id: 'b1df6bfea30faa2ac11d2782509db8d0') in 0.009370 seconds 
========================================================================
Received Import Request.
  Time since last request: 19.431112 seconds.
  path: Assets/JMO Assets/Cartoon FX (legacy)/Scripts/CFX_AutoDestructShuriken.cs
  artifactKey: Guid(6fd2e8874f60266498a388d7229a1bac) Importer(815301076,1909f56bfc062723c751e8b465ee728b)
Start importing Assets/JMO Assets/Cartoon FX (legacy)/Scripts/CFX_AutoDestructShuriken.cs using Guid(6fd2e8874f60266498a388d7229a1bac) Importer(815301076,1909f56bfc062723c751e8b465ee728b)  -> (artifact id: 'e1d2b80bc50c8073869acb57cccf2f31') in 0.028371 seconds 
========================================================================
Received Import Request.
  Time since last request: 1.449076 seconds.
  path: Assets/JMO Assets/Cartoon FX (legacy)/Scripts/CFX_AutoDestructShuriken1.cs
  artifactKey: Guid(dbe22817e460b2c4586db493e57fdfd8) Importer(815301076,1909f56bfc062723c751e8b465ee728b)
Start importing Assets/JMO Assets/Cartoon FX (legacy)/Scripts/CFX_AutoDestructShuriken1.cs using Guid(dbe22817e460b2c4586db493e57fdfd8) Importer(815301076,1909f56bfc062723c751e8b465ee728b)  -> (artifact id: 'c49ae4112967e07fa6495ae6725bd540') in 0.010252 seconds 
========================================================================
Received Import Request.
  Time since last request: 30.419166 seconds.
  path: Assets/Scripts/FXScript/CFX_AutoDestructShuriken.cs
  artifactKey: Guid(dbe22817e460b2c4586db493e57fdfd8) Importer(815301076,1909f56bfc062723c751e8b465ee728b)
Start importing Assets/Scripts/FXScript/CFX_AutoDestructShuriken.cs using Guid(dbe22817e460b2c4586db493e57fdfd8) Importer(815301076,1909f56bfc062723c751e8b465ee728b)  -> (artifact id: '95f2d74809eceec5e3691c17506223d8') in 0.003315 seconds 
========================================================================
Received Import Request.
  Time since last request: 25.467576 seconds.
  path: Assets/Resources/Prefabs/Fx/Explosion.prefab
  artifactKey: Guid(69fb75dd09132c74197ab833760af507) Importer(815301076,1909f56bfc062723c751e8b465ee728b)
Start importing Assets/Resources/Prefabs/Fx/Explosion.prefab using Guid(69fb75dd09132c74197ab833760af507) Importer(815301076,1909f56bfc062723c751e8b465ee728b)  -> (artifact id: '1cd05694bf53fa267820f666b1b4a13a') in 0.025097 seconds 
========================================================================
Received Import Request.
  Time since last request: 8.514215 seconds.
  path: Assets/JMO Assets/Cartoon FX (legacy)
  artifactKey: Guid(c865e48369a325f4784ecd8444d1ec51) Importer(815301076,1909f56bfc062723c751e8b465ee728b)
Start importing Assets/JMO Assets/Cartoon FX (legacy) using Guid(c865e48369a325f4784ecd8444d1ec51) Importer(815301076,1909f56bfc062723c751e8b465ee728b)  -> (artifact id: 'c5a65669ecfe1839a54eb5b5e0fe6dcf') in 0.003738 seconds 
========================================================================
Received Prepare
Registering precompiled user dll's ...
Registered in 0.016904 seconds.
Begin MonoManager ReloadAssembly
Symbol file LoadedFromMemory doesn't match image C:\Users\icesh\OneDrive\바탕 화면\MaGame\My project\Library\PackageCache\com.unity.visualscripting@1.8.0\Editor\VisualScripting.Core\Dependencies\YamlDotNet\Unity.VisualScripting.YamlDotNet.dll
Symbol file LoadedFromMemory doesn't match image C:\Users\icesh\OneDrive\바탕 화면\MaGame\My project\Library\PackageCache\com.unity.visualscripting@1.8.0\Editor\VisualScripting.Core\Dependencies\DotNetZip\Unity.VisualScripting.IonicZip.dll
Native extension for WindowsStandalone target not found
Native extension for Android target not found
Refreshing native plugins compatible for Editor in 0.77 ms, found 3 plugins.
Preloading 0 native plugins for Editor in 0.00 ms.
System.Exception: Error! Visual Scripting: couldn't find visual scripting package
  at Unity.VisualScripting.PackageVersionUtility.get_version () [0x00043] in C:\Users\icesh\OneDrive\바탕 화면\MaGame\My project\Library\PackageCache\com.unity.visualscripting@1.8.0\Editor\VisualScripting.Core\Utilities\PackageVersionUtility.cs:31 
  at Unity.VisualScripting.BoltCoreManifest.get_version () [0x00000] in C:\Users\icesh\OneDrive\바탕 화면\MaGame\My project\Library\PackageCache\com.unity.visualscripting@1.8.0\Editor\VisualScripting.Core\Plugin\BoltCoreManifest.cs:11 
  at Unity.VisualScripting.PluginManifest.get_currentVersion () [0x00000] in C:\Users\icesh\OneDrive\바탕 화면\MaGame\My project\Library\PackageCache\com.unity.visualscripting@1.8.0\Editor\VisualScripting.Core\Plugins\PluginManifest.cs:33 
  at Unity.VisualScripting.PluginManifest.get_versionMismatch () [0x00000] in C:\Users\icesh\OneDrive\바탕 화면\MaGame\My project\Library\PackageCache\com.unity.visualscripting@1.8.0\Editor\VisualScripting.Core\Plugins\PluginManifest.cs:48 
  at Unity.VisualScripting.PluginContainer.Initialize () [0x00525] in C:\Users\icesh\OneDrive\바탕 화면\MaGame\My project\Library\PackageCache\com.unity.visualscripting@1.8.0\Editor\VisualScripting.Core\Plugins\PluginContainer.cs:208 
  at Unity.VisualScripting.PluginContainer.InitializeOnLoad () [0x00009] in C:\Users\icesh\OneDrive\바탕 화면\MaGame\My project\Library\PackageCache\com.unity.visualscripting@1.8.0\Editor\VisualScripting.Core\Plugins\PluginContainer.cs:32 
  at Unity.VisualScripting.VSUsageUtility.DoInitializeOnLoadCalls () [0x00034] in C:\Users\icesh\OneDrive\바탕 화면\MaGame\My project\Library\PackageCache\com.unity.visualscripting@1.8.0\Editor\VisualScripting.Core\Utilities\VSUsageUtility.cs:76 
  at Unity.VisualScripting.VSUsageUtility.set_isVisualScriptingUsed (System.Boolean value) [0x0002c] in C:\Users\icesh\OneDrive\바탕 화면\MaGame\My project\Library\PackageCache\com.unity.visualscripting@1.8.0\Editor\VisualScripting.Core\Utilities\VSUsageUtility.cs:114 
  at Unity.VisualScripting.VSUsageUtility.CheckAndSetIsVisualScriptingUsed () [0x0000d] in C:\Users\icesh\OneDrive\바탕 화면\MaGame\My project\Library\PackageCache\com.unity.visualscripting@1.8.0\Editor\VisualScripting.Core\Utilities\VSUsageUtility.cs:33 
  at Unity.VisualScripting.VSUsageUtility..cctor () [0x00000] in C:\Users\icesh\OneDrive\바탕 화면\MaGame\My project\Library\PackageCache\com.unity.visualscripting@1.8.0\Editor\VisualScripting.Core\Utilities\VSUsageUtility.cs:22 
UnityEngine.StackTraceUtility:ExtractStackTrace ()
UnityEngine.DebugLogHandler:LogFormat (UnityEngine.LogType,UnityEngine.Object,string,object[])
UnityEngine.Logger:Log (UnityEngine.LogType,object)
UnityEngine.Debug:LogError (object)
UnityEditor.EditorAssemblies:ProcessInitializeOnLoadAttributes (System.Type[])

Mono: successfully reloaded assembly
- Completed reload, in  2.534 seconds
Domain Reload Profiling:
	ReloadAssembly (2535ms)
		BeginReloadAssembly (304ms)
			ExecutionOrderSort (0ms)
			DisableScriptedObjects (9ms)
			BackupInstance (0ms)
			ReleaseScriptingObjects (0ms)
			CreateAndSetChildDomain (67ms)
		EndReloadAssembly (2047ms)
			LoadAssemblies (206ms)
			RebuildTransferFunctionScriptingTraits (0ms)
			SetupTypeCache (486ms)
			ReleaseScriptCaches (2ms)
			RebuildScriptCaches (76ms)
			SetupLoadedEditorAssemblies (894ms)
				LogAssemblyErrors (0ms)
				InitializePlatformSupportModulesInManaged (41ms)
				SetLoadedEditorAssemblies (1ms)
				RefreshPlugins (1ms)
				BeforeProcessingInitializeOnLoad (133ms)
				ProcessInitializeOnLoadAttributes (651ms)
				ProcessInitializeOnLoadMethodAttributes (41ms)
				AfterProcessingInitializeOnLoad (26ms)
				EditorAssembliesLoaded (0ms)
			ExecutionOrderSort2 (0ms)
			AwakeInstancesAfterBackupRestoration (27ms)
Platform modules already initialized, skipping
Refreshing native plugins compatible for Editor in 3.68 ms, found 3 plugins.
Preloading 0 native plugins for Editor in 0.00 ms.
Unloading 3250 Unused Serialized files (Serialized files now loaded: 0)
Unloading 17 unused Assets / (51.7 KB). Loaded Objects now: 3916.
Memory consumption went from 127.4 MB to 127.3 MB.
Total: 16.014000 ms (FindLiveObjects: 0.333300 ms CreateObjectMapping: 0.223800 ms MarkObjects: 15.363300 ms  DeleteObjects: 0.091700 ms)

AssetImportParameters requested are different than current active one (requested -> active):
  custom:video-decoder-ogg-theora: a1e56fd34408186e4bbccfd4996cb3dc -> 
  custom:container-muxer-webm: aa71ff27fc2769a1b78a27578f13a17b -> 
  custom:container-demuxer-webm: 4f35f7cbe854078d1ac9338744f61a02 -> 
  custom:video-encoder-webm-vp8: eb34c28f22e8b96e1ab97ce403110664 -> 
  custom:audio-encoder-webm-vorbis: bf7c407c2cedff20999df2af8eb42d56 -> 
  custom:framework-win-MediaFoundation: 216162199b28c13a410421893ffa2e32 -> 
  custom:container-demuxer-ogg: 62fdf1f143b41e24485cea50d1cbac27 -> 
  custom:video-decoder-webm-vp8: 9c59270c3fd7afecdb556c50c9e8de78 -> 
  custom:audio-decoder-ogg-vorbis: bf7c407c2cedff20999df2af8eb42d56 -> 
========================================================================
Received Prepare
Registering precompiled user dll's ...
Registered in 0.015423 seconds.
Begin MonoManager ReloadAssembly
Symbol file LoadedFromMemory doesn't match image C:\Users\icesh\OneDrive\바탕 화면\MaGame\My project\Library\PackageCache\com.unity.visualscripting@1.8.0\Editor\VisualScripting.Core\Dependencies\YamlDotNet\Unity.VisualScripting.YamlDotNet.dll
Symbol file LoadedFromMemory doesn't match image C:\Users\icesh\OneDrive\바탕 화면\MaGame\My project\Library\PackageCache\com.unity.visualscripting@1.8.0\Editor\VisualScripting.Core\Dependencies\DotNetZip\Unity.VisualScripting.IonicZip.dll
Native extension for WindowsStandalone target not found
Native extension for Android target not found
Refreshing native plugins compatible for Editor in 0.69 ms, found 3 plugins.
Preloading 0 native plugins for Editor in 0.00 ms.
System.Exception: Error! Visual Scripting: couldn't find visual scripting package
  at Unity.VisualScripting.PackageVersionUtility.get_version () [0x00043] in C:\Users\icesh\OneDrive\바탕 화면\MaGame\My project\Library\PackageCache\com.unity.visualscripting@1.8.0\Editor\VisualScripting.Core\Utilities\PackageVersionUtility.cs:31 
  at Unity.VisualScripting.BoltCoreManifest.get_version () [0x00000] in C:\Users\icesh\OneDrive\바탕 화면\MaGame\My project\Library\PackageCache\com.unity.visualscripting@1.8.0\Editor\VisualScripting.Core\Plugin\BoltCoreManifest.cs:11 
  at Unity.VisualScripting.PluginManifest.get_currentVersion () [0x00000] in C:\Users\icesh\OneDrive\바탕 화면\MaGame\My project\Library\PackageCache\com.unity.visualscripting@1.8.0\Editor\VisualScripting.Core\Plugins\PluginManifest.cs:33 
  at Unity.VisualScripting.PluginManifest.get_versionMismatch () [0x00000] in C:\Users\icesh\OneDrive\바탕 화면\MaGame\My project\Library\PackageCache\com.unity.visualscripting@1.8.0\Editor\VisualScripting.Core\Plugins\PluginManifest.cs:48 
  at Unity.VisualScripting.PluginContainer.Initialize () [0x00525] in C:\Users\icesh\OneDrive\바탕 화면\MaGame\My project\Library\PackageCache\com.unity.visualscripting@1.8.0\Editor\VisualScripting.Core\Plugins\PluginContainer.cs:208 
  at Unity.VisualScripting.PluginContainer.InitializeOnLoad () [0x00009] in C:\Users\icesh\OneDrive\바탕 화면\MaGame\My project\Library\PackageCache\com.unity.visualscripting@1.8.0\Editor\VisualScripting.Core\Plugins\PluginContainer.cs:32 
  at Unity.VisualScripting.VSUsageUtility.DoInitializeOnLoadCalls () [0x00034] in C:\Users\icesh\OneDrive\바탕 화면\MaGame\My project\Library\PackageCache\com.unity.visualscripting@1.8.0\Editor\VisualScripting.Core\Utilities\VSUsageUtility.cs:76 
  at Unity.VisualScripting.VSUsageUtility.set_isVisualScriptingUsed (System.Boolean value) [0x0002c] in C:\Users\icesh\OneDrive\바탕 화면\MaGame\My project\Library\PackageCache\com.unity.visualscripting@1.8.0\Editor\VisualScripting.Core\Utilities\VSUsageUtility.cs:114 
  at Unity.VisualScripting.VSUsageUtility.CheckAndSetIsVisualScriptingUsed () [0x0000d] in C:\Users\icesh\OneDrive\바탕 화면\MaGame\My project\Library\PackageCache\com.unity.visualscripting@1.8.0\Editor\VisualScripting.Core\Utilities\VSUsageUtility.cs:33 
  at Unity.VisualScripting.VSUsageUtility..cctor () [0x00000] in C:\Users\icesh\OneDrive\바탕 화면\MaGame\My project\Library\PackageCache\com.unity.visualscripting@1.8.0\Editor\VisualScripting.Core\Utilities\VSUsageUtility.cs:22 
UnityEngine.StackTraceUtility:ExtractStackTrace ()
UnityEngine.DebugLogHandler:LogFormat (UnityEngine.LogType,UnityEngine.Object,string,object[])
UnityEngine.Logger:Log (UnityEngine.LogType,object)
UnityEngine.Debug:LogError (object)
UnityEditor.EditorAssemblies:ProcessInitializeOnLoadAttributes (System.Type[])

Mono: successfully reloaded assembly
- Completed reload, in  2.674 seconds
Domain Reload Profiling:
	ReloadAssembly (2675ms)
		BeginReloadAssembly (354ms)
			ExecutionOrderSort (0ms)
			DisableScriptedObjects (11ms)
			BackupInstance (0ms)
			ReleaseScriptingObjects (0ms)
			CreateAndSetChildDomain (66ms)
		EndReloadAssembly (2108ms)
			LoadAssemblies (256ms)
			RebuildTransferFunctionScriptingTraits (0ms)
			SetupTypeCache (514ms)
			ReleaseScriptCaches (1ms)
			RebuildScriptCaches (81ms)
			SetupLoadedEditorAssemblies (920ms)
				LogAssemblyErrors (0ms)
				InitializePlatformSupportModulesInManaged (42ms)
				SetLoadedEditorAssemblies (1ms)
				RefreshPlugins (1ms)
				BeforeProcessingInitializeOnLoad (142ms)
				ProcessInitializeOnLoadAttributes (661ms)
				ProcessInitializeOnLoadMethodAttributes (40ms)
				AfterProcessingInitializeOnLoad (32ms)
				EditorAssembliesLoaded (0ms)
			ExecutionOrderSort2 (0ms)
			AwakeInstancesAfterBackupRestoration (34ms)
Platform modules already initialized, skipping
Refreshing native plugins compatible for Editor in 4.27 ms, found 3 plugins.
Preloading 0 native plugins for Editor in 0.00 ms.
Unloading 3225 Unused Serialized files (Serialized files now loaded: 0)
Unloading 33 unused Assets / (24.6 KB). Loaded Objects now: 3902.
Memory consumption went from 126.6 MB to 126.5 MB.
Total: 20.949900 ms (FindLiveObjects: 0.328300 ms CreateObjectMapping: 0.215800 ms MarkObjects: 20.344800 ms  DeleteObjects: 0.059500 ms)

AssetImportParameters requested are different than current active one (requested -> active):
  custom:video-decoder-ogg-theora: a1e56fd34408186e4bbccfd4996cb3dc -> 
  custom:container-muxer-webm: aa71ff27fc2769a1b78a27578f13a17b -> 
  custom:container-demuxer-webm: 4f35f7cbe854078d1ac9338744f61a02 -> 
  custom:video-encoder-webm-vp8: eb34c28f22e8b96e1ab97ce403110664 -> 
  custom:audio-encoder-webm-vorbis: bf7c407c2cedff20999df2af8eb42d56 -> 
  custom:framework-win-MediaFoundation: 216162199b28c13a410421893ffa2e32 -> 
  custom:container-demuxer-ogg: 62fdf1f143b41e24485cea50d1cbac27 -> 
  custom:video-decoder-webm-vp8: 9c59270c3fd7afecdb556c50c9e8de78 -> 
  custom:audio-decoder-ogg-vorbis: bf7c407c2cedff20999df2af8eb42d56 -> 
========================================================================
Received Import Request.
  Time since last request: 90.416420 seconds.
  path: Assets/Sprites/FxImage
  artifactKey: Guid(5cf3f6b9363d2034cba3e9f891c48232) Importer(815301076,1909f56bfc062723c751e8b465ee728b)
Start importing Assets/Sprites/FxImage using Guid(5cf3f6b9363d2034cba3e9f891c48232) Importer(815301076,1909f56bfc062723c751e8b465ee728b)  -> (artifact id: '33f8bdec0979c888271a879c77e6c806') in 0.020193 seconds 
========================================================================
Received Import Request.
  Time since last request: 0.029741 seconds.
  path: Assets/Sprites/FxImage/CFX_T_Anim4_Bubble.png
  artifactKey: Guid(afe7316428405164eb1f5704277f4d5a) Importer(815301076,1909f56bfc062723c751e8b465ee728b)
Start importing Assets/Sprites/FxImage/CFX_T_Anim4_Bubble.png using Guid(afe7316428405164eb1f5704277f4d5a) Importer(815301076,1909f56bfc062723c751e8b465ee728b)  -> (artifact id: 'b78312fca9b73a221ffe7cf2467a31b5') in 0.059503 seconds 
========================================================================
Received Import Request.
  Time since last request: 0.000034 seconds.
  path: Assets/Sprites/FxImage/CFX_T_Text_Boom.tga
  artifactKey: Guid(604d5a4932a158144bfc24f489b32595) Importer(815301076,1909f56bfc062723c751e8b465ee728b)
Start importing Assets/Sprites/FxImage/CFX_T_Text_Boom.tga using Guid(604d5a4932a158144bfc24f489b32595) Importer(815301076,1909f56bfc062723c751e8b465ee728b)  -> (artifact id: 'a2bc412608e231a5f4f2f0137d34eb08') in 0.079477 seconds 
========================================================================
Received Prepare
Registering precompiled user dll's ...
Registered in 0.016082 seconds.
Begin MonoManager ReloadAssembly
Symbol file LoadedFromMemory doesn't match image C:\Users\icesh\OneDrive\바탕 화면\MaGame\My project\Library\PackageCache\com.unity.visualscripting@1.8.0\Editor\VisualScripting.Core\Dependencies\YamlDotNet\Unity.VisualScripting.YamlDotNet.dll
Symbol file LoadedFromMemory doesn't match image C:\Users\icesh\OneDrive\바탕 화면\MaGame\My project\Library\PackageCache\com.unity.visualscripting@1.8.0\Editor\VisualScripting.Core\Dependencies\DotNetZip\Unity.VisualScripting.IonicZip.dll
Native extension for WindowsStandalone target not found
Native extension for Android target not found
Refreshing native plugins compatible for Editor in 1.60 ms, found 3 plugins.
Preloading 0 native plugins for Editor in 0.00 ms.
System.Exception: Error! Visual Scripting: couldn't find visual scripting package
  at Unity.VisualScripting.PackageVersionUtility.get_version () [0x00043] in C:\Users\icesh\OneDrive\바탕 화면\MaGame\My project\Library\PackageCache\com.unity.visualscripting@1.8.0\Editor\VisualScripting.Core\Utilities\PackageVersionUtility.cs:31 
  at Unity.VisualScripting.BoltCoreManifest.get_version () [0x00000] in C:\Users\icesh\OneDrive\바탕 화면\MaGame\My project\Library\PackageCache\com.unity.visualscripting@1.8.0\Editor\VisualScripting.Core\Plugin\BoltCoreManifest.cs:11 
  at Unity.VisualScripting.PluginManifest.get_currentVersion () [0x00000] in C:\Users\icesh\OneDrive\바탕 화면\MaGame\My project\Library\PackageCache\com.unity.visualscripting@1.8.0\Editor\VisualScripting.Core\Plugins\PluginManifest.cs:33 
  at Unity.VisualScripting.PluginManifest.get_versionMismatch () [0x00000] in C:\Users\icesh\OneDrive\바탕 화면\MaGame\My project\Library\PackageCache\com.unity.visualscripting@1.8.0\Editor\VisualScripting.Core\Plugins\PluginManifest.cs:48 
  at Unity.VisualScripting.PluginContainer.Initialize () [0x00525] in C:\Users\icesh\OneDrive\바탕 화면\MaGame\My project\Library\PackageCache\com.unity.visualscripting@1.8.0\Editor\VisualScripting.Core\Plugins\PluginContainer.cs:208 
  at Unity.VisualScripting.PluginContainer.InitializeOnLoad () [0x00009] in C:\Users\icesh\OneDrive\바탕 화면\MaGame\My project\Library\PackageCache\com.unity.visualscripting@1.8.0\Editor\VisualScripting.Core\Plugins\PluginContainer.cs:32 
  at Unity.VisualScripting.VSUsageUtility.DoInitializeOnLoadCalls () [0x00034] in C:\Users\icesh\OneDrive\바탕 화면\MaGame\My project\Library\PackageCache\com.unity.visualscripting@1.8.0\Editor\VisualScripting.Core\Utilities\VSUsageUtility.cs:76 
  at Unity.VisualScripting.VSUsageUtility.set_isVisualScriptingUsed (System.Boolean value) [0x0002c] in C:\Users\icesh\OneDrive\바탕 화면\MaGame\My project\Library\PackageCache\com.unity.visualscripting@1.8.0\Editor\VisualScripting.Core\Utilities\VSUsageUtility.cs:114 
  at Unity.VisualScripting.VSUsageUtility.CheckAndSetIsVisualScriptingUsed () [0x0000d] in C:\Users\icesh\OneDrive\바탕 화면\MaGame\My project\Library\PackageCache\com.unity.visualscripting@1.8.0\Editor\VisualScripting.Core\Utilities\VSUsageUtility.cs:33 
  at Unity.VisualScripting.VSUsageUtility..cctor () [0x00000] in C:\Users\icesh\OneDrive\바탕 화면\MaGame\My project\Library\PackageCache\com.unity.visualscripting@1.8.0\Editor\VisualScripting.Core\Utilities\VSUsageUtility.cs:22 
UnityEngine.StackTraceUtility:ExtractStackTrace ()
UnityEngine.DebugLogHandler:LogFormat (UnityEngine.LogType,UnityEngine.Object,string,object[])
UnityEngine.Logger:Log (UnityEngine.LogType,object)
UnityEngine.Debug:LogError (object)
UnityEditor.EditorAssemblies:ProcessInitializeOnLoadAttributes (System.Type[])

Mono: successfully reloaded assembly
- Completed reload, in  3.085 seconds
Domain Reload Profiling:
	ReloadAssembly (3086ms)
		BeginReloadAssembly (300ms)
			ExecutionOrderSort (0ms)
			DisableScriptedObjects (13ms)
			BackupInstance (0ms)
			ReleaseScriptingObjects (0ms)
			CreateAndSetChildDomain (58ms)
		EndReloadAssembly (2589ms)
			LoadAssemblies (210ms)
			RebuildTransferFunctionScriptingTraits (0ms)
			SetupTypeCache (605ms)
			ReleaseScriptCaches (2ms)
			RebuildScriptCaches (96ms)
			SetupLoadedEditorAssemblies (1159ms)
				LogAssemblyErrors (0ms)
				InitializePlatformSupportModulesInManaged (81ms)
				SetLoadedEditorAssemblies (1ms)
				RefreshPlugins (2ms)
				BeforeProcessingInitializeOnLoad (177ms)
				ProcessInitializeOnLoadAttributes (782ms)
				ProcessInitializeOnLoadMethodAttributes (80ms)
				AfterProcessingInitializeOnLoad (36ms)
				EditorAssembliesLoaded (0ms)
			ExecutionOrderSort2 (0ms)
			AwakeInstancesAfterBackupRestoration (36ms)
Platform modules already initialized, skipping
Refreshing native plugins compatible for Editor in 5.18 ms, found 3 plugins.
Preloading 0 native plugins for Editor in 0.00 ms.
Unloading 3250 Unused Serialized files (Serialized files now loaded: 0)
Unloading 15 unused Assets / (24.6 KB). Loaded Objects now: 3926.
Memory consumption went from 127.3 MB to 127.3 MB.
Total: 25.481700 ms (FindLiveObjects: 1.679700 ms CreateObjectMapping: 0.548900 ms MarkObjects: 23.221300 ms  DeleteObjects: 0.030400 ms)

AssetImportParameters requested are different than current active one (requested -> active):
  custom:video-decoder-ogg-theora: a1e56fd34408186e4bbccfd4996cb3dc -> 
  custom:container-muxer-webm: aa71ff27fc2769a1b78a27578f13a17b -> 
  custom:container-demuxer-webm: 4f35f7cbe854078d1ac9338744f61a02 -> 
  custom:video-encoder-webm-vp8: eb34c28f22e8b96e1ab97ce403110664 -> 
  custom:audio-encoder-webm-vorbis: bf7c407c2cedff20999df2af8eb42d56 -> 
  custom:framework-win-MediaFoundation: 216162199b28c13a410421893ffa2e32 -> 
  custom:container-demuxer-ogg: 62fdf1f143b41e24485cea50d1cbac27 -> 
  custom:video-decoder-webm-vp8: 9c59270c3fd7afecdb556c50c9e8de78 -> 
  custom:audio-decoder-ogg-vorbis: bf7c407c2cedff20999df2af8eb42d56 -> 
========================================================================
Received Import Request.
  Time since last request: 83.650448 seconds.
  path: Assets/JMO Assets/Cartoon FX (legacy)/Textures/CFX_T_Anim4_RoundedLines.png
  artifactKey: Guid(7987b6791dff098469332588914e2c84) Importer(815301076,1909f56bfc062723c751e8b465ee728b)
Start importing Assets/JMO Assets/Cartoon FX (legacy)/Textures/CFX_T_Anim4_RoundedLines.png using Guid(7987b6791dff098469332588914e2c84) Importer(815301076,1909f56bfc062723c751e8b465ee728b)  -> (artifact id: 'b477efd807157fd155b780bde06f7dcc') in 0.059434 seconds 
========================================================================
Received Import Request.
  Time since last request: 24.420551 seconds.
  path: Assets/JMO Assets/Cartoon FX (legacy)/Materials
  artifactKey: Guid(1b2e8b4034e02a44fa55a6d381d7d2f9) Importer(815301076,1909f56bfc062723c751e8b465ee728b)
Start importing Assets/JMO Assets/Cartoon FX (legacy)/Materials using Guid(1b2e8b4034e02a44fa55a6d381d7d2f9) Importer(815301076,1909f56bfc062723c751e8b465ee728b)  -> (artifact id: '46b6131757563a8681c83f1f96ef3eed') in 0.010835 seconds 
========================================================================
Received Import Request.
  Time since last request: 1.547344 seconds.
  path: Assets/JMO Assets/Cartoon FX (legacy)/Materials/Fire
  artifactKey: Guid(84aeebfa852fbf64b9c8e32d5f345f60) Importer(815301076,1909f56bfc062723c751e8b465ee728b)
Start importing Assets/JMO Assets/Cartoon FX (legacy)/Materials/Fire using Guid(84aeebfa852fbf64b9c8e32d5f345f60) Importer(815301076,1909f56bfc062723c751e8b465ee728b)  -> (artifact id: '02d993997dce29246ffd440e1957484c') in 0.022201 seconds 
========================================================================
Received Import Request.
  Time since last request: 0.041227 seconds.
  path: Assets/JMO Assets/Cartoon FX (legacy)/Materials/Fire/CFX3_FireBulk ADD.mat
  artifactKey: Guid(67c3db2f0d5b4aa4eaa1d7aec0699d15) Importer(815301076,1909f56bfc062723c751e8b465ee728b)
Start importing Assets/JMO Assets/Cartoon FX (legacy)/Materials/Fire/CFX3_FireBulk ADD.mat using Guid(67c3db2f0d5b4aa4eaa1d7aec0699d15) Importer(815301076,1909f56bfc062723c751e8b465ee728b)  -> (artifact id: '0f0717a79fc68a00594b575cd55c636e') in 0.060274 seconds 
========================================================================
Received Import Request.
  Time since last request: 0.000022 seconds.
  path: Assets/JMO Assets/Cartoon FX (legacy)/Materials/Fire/CFX4_FireSoft AddSoft.mat
  artifactKey: Guid(d37187939248a4d4ab8284eca155b745) Importer(815301076,1909f56bfc062723c751e8b465ee728b)
Start importing Assets/JMO Assets/Cartoon FX (legacy)/Materials/Fire/CFX4_FireSoft AddSoft.mat using Guid(d37187939248a4d4ab8284eca155b745) Importer(815301076,1909f56bfc062723c751e8b465ee728b)  -> (artifact id: '00f503201eb77d0c4075d2e42fcf95c2') in 0.075670 seconds 
========================================================================
Received Import Request.
  Time since last request: 7.820991 seconds.
  path: Assets/JMO Assets/Cartoon FX (legacy)/Textures/CFX_T_Anim8_Triangle2.png
  artifactKey: Guid(398da4b026da3fd4dbe04dfc2ba43f09) Importer(815301076,1909f56bfc062723c751e8b465ee728b)
Start importing Assets/JMO Assets/Cartoon FX (legacy)/Textures/CFX_T_Anim8_Triangle2.png using Guid(398da4b026da3fd4dbe04dfc2ba43f09) Importer(815301076,1909f56bfc062723c751e8b465ee728b)  -> (artifact id: 'c4d56632815af254bf14d68334a7a000') in 0.019190 seconds 
========================================================================
Received Import Request.
  Time since last request: 6.319128 seconds.
  path: Assets/JMO Assets/Cartoon FX (legacy)/Textures/CFX4_T_Circle.png
  artifactKey: Guid(b6342c23be279ce4fa9ca506fb0b1b05) Importer(815301076,1909f56bfc062723c751e8b465ee728b)
Start importing Assets/JMO Assets/Cartoon FX (legacy)/Textures/CFX4_T_Circle.png using Guid(b6342c23be279ce4fa9ca506fb0b1b05) Importer(815301076,1909f56bfc062723c751e8b465ee728b)  -> (artifact id: '8da652345ba7089f75a997a6bd6ff230') in 0.044325 seconds 
========================================================================
Received Import Request.
  Time since last request: 0.004121 seconds.
  path: Assets/JMO Assets/Cartoon FX (legacy)/Textures/CFX4_T_FireSoft RGB.png
  artifactKey: Guid(4590452e6e05a624c98b4f931f719e56) Importer(815301076,1909f56bfc062723c751e8b465ee728b)
Start importing Assets/JMO Assets/Cartoon FX (legacy)/Textures/CFX4_T_FireSoft RGB.png using Guid(4590452e6e05a624c98b4f931f719e56) Importer(815301076,1909f56bfc062723c751e8b465ee728b)  -> (artifact id: '19317a10fc107c25cc7dbf24cd98e20e') in 0.045295 seconds 
========================================================================
Received Import Request.
  Time since last request: 0.007834 seconds.
  path: Assets/JMO Assets/Cartoon FX (legacy)/Textures/CFX_ElectricSparkle.png
  artifactKey: Guid(a070c34b838259a4eb4338c1c5b753b3) Importer(815301076,1909f56bfc062723c751e8b465ee728b)
Start importing Assets/JMO Assets/Cartoon FX (legacy)/Textures/CFX_ElectricSparkle.png using Guid(a070c34b838259a4eb4338c1c5b753b3) Importer(815301076,1909f56bfc062723c751e8b465ee728b)  -> (artifact id: '6e63f7872aedd95baded2b5038bebdae') in 0.028545 seconds 
========================================================================
Received Import Request.
  Time since last request: 0.000034 seconds.
  path: Assets/JMO Assets/Cartoon FX (legacy)/Textures/CFX_T_Text_HitRandom.tga
  artifactKey: Guid(e4c04f362fa1cc84dbf21d831431e501) Importer(815301076,1909f56bfc062723c751e8b465ee728b)
Start importing Assets/JMO Assets/Cartoon FX (legacy)/Textures/CFX_T_Text_HitRandom.tga using Guid(e4c04f362fa1cc84dbf21d831431e501) Importer(815301076,1909f56bfc062723c751e8b465ee728b)  -> (artifact id: '9710922eb584071a1b8579ca1bef97e8') in 0.044250 seconds 
========================================================================
Received Import Request.
  Time since last request: 0.000072 seconds.
  path: Assets/JMO Assets/Cartoon FX (legacy)/Textures/CFX_T_Flame1_ABP.tga
  artifactKey: Guid(c05e2ace26b44c34c8012474ae4faf44) Importer(815301076,1909f56bfc062723c751e8b465ee728b)
Start importing Assets/JMO Assets/Cartoon FX (legacy)/Textures/CFX_T_Flame1_ABP.tga using Guid(c05e2ace26b44c34c8012474ae4faf44) Importer(815301076,1909f56bfc062723c751e8b465ee728b)  -> (artifact id: '75400f217eae8eee9c117545d772a6c2') in 0.046191 seconds 
========================================================================
Received Import Request.
  Time since last request: 0.000030 seconds.
  path: Assets/JMO Assets/Cartoon FX (legacy)/Textures/CFX_T_Ripple.png
  artifactKey: Guid(8ac4371e521dca847a52403df09e80d7) Importer(815301076,1909f56bfc062723c751e8b465ee728b)
Start importing Assets/JMO Assets/Cartoon FX (legacy)/Textures/CFX_T_Ripple.png using Guid(8ac4371e521dca847a52403df09e80d7) Importer(815301076,1909f56bfc062723c751e8b465ee728b)  -> (artifact id: 'b127cdbb93cf24125eaec4617ef0a39e') in 0.030775 seconds 
========================================================================
Received Import Request.
  Time since last request: 0.000040 seconds.
  path: Assets/JMO Assets/Cartoon FX (legacy)/Textures/CFX_T_RayRounded.png
  artifactKey: Guid(80afd895097ad144893ad78943aaf475) Importer(815301076,1909f56bfc062723c751e8b465ee728b)
Start importing Assets/JMO Assets/Cartoon FX (legacy)/Textures/CFX_T_RayRounded.png using Guid(80afd895097ad144893ad78943aaf475) Importer(815301076,1909f56bfc062723c751e8b465ee728b)  -> (artifact id: 'f3d263fb28debe21038a0d56fe5db1b2') in 0.030754 seconds 
========================================================================
Received Import Request.
  Time since last request: 0.000037 seconds.
  path: Assets/JMO Assets/Cartoon FX (legacy)/Textures/CFX_T_Skull.png
  artifactKey: Guid(a3830d369df2cfc478d7dcdfcf71157c) Importer(815301076,1909f56bfc062723c751e8b465ee728b)
Start importing Assets/JMO Assets/Cartoon FX (legacy)/Textures/CFX_T_Skull.png using Guid(a3830d369df2cfc478d7dcdfcf71157c) Importer(815301076,1909f56bfc062723c751e8b465ee728b)  -> (artifact id: '347fa6dd00981ccdf7ff63094e03f1b0') in 0.030007 seconds 
========================================================================
Received Import Request.
  Time since last request: 0.000030 seconds.
  path: Assets/JMO Assets/Cartoon FX (legacy)/Textures/CFX_T_Bolt.png
  artifactKey: Guid(347a4af640f58824d8438fae9b34a012) Importer(815301076,1909f56bfc062723c751e8b465ee728b)
Start importing Assets/JMO Assets/Cartoon FX (legacy)/Textures/CFX_T_Bolt.png using Guid(347a4af640f58824d8438fae9b34a012) Importer(815301076,1909f56bfc062723c751e8b465ee728b)  -> (artifact id: '4e5a77d7b15b9c91cabe58a599779e8e') in 0.031425 seconds 
========================================================================
Received Import Request.
  Time since last request: 0.000027 seconds.
  path: Assets/JMO Assets/Cartoon FX (legacy)/Textures/CFX4_T_GroundDebris AB.png
  artifactKey: Guid(1e3c761df42153c439e30160ebb12adc) Importer(815301076,1909f56bfc062723c751e8b465ee728b)
Start importing Assets/JMO Assets/Cartoon FX (legacy)/Textures/CFX4_T_GroundDebris AB.png using Guid(1e3c761df42153c439e30160ebb12adc) Importer(815301076,1909f56bfc062723c751e8b465ee728b)  -> (artifact id: 'e7afede768c49c09c524a0f357fb2f9e') in 0.031721 seconds 
========================================================================
Received Import Request.
  Time since last request: 0.000034 seconds.
  path: Assets/JMO Assets/Cartoon FX (legacy)/Textures/CFX_T_Text_Boom.tga
  artifactKey: Guid(19af7054766e9ea4789ead0cefad4a77) Importer(815301076,1909f56bfc062723c751e8b465ee728b)
Start importing Assets/JMO Assets/Cartoon FX (legacy)/Textures/CFX_T_Text_Boom.tga using Guid(19af7054766e9ea4789ead0cefad4a77) Importer(815301076,1909f56bfc062723c751e8b465ee728b)  -> (artifact id: 'cb1531d0251c9469263ac9a1d97d87cc') in 0.020382 seconds 
========================================================================
Received Import Request.
  Time since last request: 0.000057 seconds.
  path: Assets/JMO Assets/Cartoon FX (legacy)/Textures/CFX_T_Text_Poof.tga
  artifactKey: Guid(3d3ef8fe9d00bd54f9a3ff4932e9b8a2) Importer(815301076,1909f56bfc062723c751e8b465ee728b)
Start importing Assets/JMO Assets/Cartoon FX (legacy)/Textures/CFX_T_Text_Poof.tga using Guid(3d3ef8fe9d00bd54f9a3ff4932e9b8a2) Importer(815301076,1909f56bfc062723c751e8b465ee728b)  -> (artifact id: 'b05c195202c92545b98a7f226c401500') in 0.030054 seconds 
========================================================================
Received Import Request.
  Time since last request: 0.000034 seconds.
  path: Assets/JMO Assets/Cartoon FX (legacy)/Textures/CFX4_T_SmokePuff AB.png
  artifactKey: Guid(c6706155351f6f64cb72882fdc1ca251) Importer(815301076,1909f56bfc062723c751e8b465ee728b)
Start importing Assets/JMO Assets/Cartoon FX (legacy)/Textures/CFX4_T_SmokePuff AB.png using Guid(c6706155351f6f64cb72882fdc1ca251) Importer(815301076,1909f56bfc062723c751e8b465ee728b)  -> (artifact id: '5115b9802f7547fbd0b97b5ecac3eeeb') in 0.032405 seconds 
========================================================================
Received Import Request.
  Time since last request: 0.000044 seconds.
  path: Assets/JMO Assets/Cartoon FX (legacy)/Textures/CFX_T_Splash_4Frames.png
  artifactKey: Guid(7756f8f5d53faa5418a5710442015153) Importer(815301076,1909f56bfc062723c751e8b465ee728b)
Start importing Assets/JMO Assets/Cartoon FX (legacy)/Textures/CFX_T_Splash_4Frames.png using Guid(7756f8f5d53faa5418a5710442015153) Importer(815301076,1909f56bfc062723c751e8b465ee728b)  -> (artifact id: '2c61f27ba20cd54b44dcffeff58dcb1f') in 0.028417 seconds 
========================================================================
Received Import Request.
  Time since last request: 0.000030 seconds.
  path: Assets/JMO Assets/Cartoon FX (legacy)/Textures/CFX_T_SpacedSpike.png
  artifactKey: Guid(ebbcc38b2a5a365429d42c1e4c7ebf21) Importer(815301076,1909f56bfc062723c751e8b465ee728b)
Start importing Assets/JMO Assets/Cartoon FX (legacy)/Textures/CFX_T_SpacedSpike.png using Guid(ebbcc38b2a5a365429d42c1e4c7ebf21) Importer(815301076,1909f56bfc062723c751e8b465ee728b)  -> (artifact id: '1ad1138567868df26bf2b12216976f09') in 0.024891 seconds 
========================================================================
Received Import Request.
  Time since last request: 0.529461 seconds.
  path: Assets/JMO Assets/Cartoon FX (legacy)/Textures/CFX_T_Text_Slash.tga
  artifactKey: Guid(44bee328d3c1249409852a4eefaa3491) Importer(815301076,1909f56bfc062723c751e8b465ee728b)
Start importing Assets/JMO Assets/Cartoon FX (legacy)/Textures/CFX_T_Text_Slash.tga using Guid(44bee328d3c1249409852a4eefaa3491) Importer(815301076,1909f56bfc062723c751e8b465ee728b)  -> (artifact id: 'ea5eae55a8e96634e7c661ebe62e97a1') in 0.030465 seconds 
========================================================================
Received Import Request.
  Time since last request: 0.000026 seconds.
  path: Assets/JMO Assets/Cartoon FX (legacy)/Textures/CFX_T_WhiteCircleSmall.png
  artifactKey: Guid(7b11eec997e4c3044a59e4a2ff710b4e) Importer(815301076,1909f56bfc062723c751e8b465ee728b)
Start importing Assets/JMO Assets/Cartoon FX (legacy)/Textures/CFX_T_WhiteCircleSmall.png using Guid(7b11eec997e4c3044a59e4a2ff710b4e) Importer(815301076,1909f56bfc062723c751e8b465ee728b)  -> (artifact id: 'c5106e9196d314d355bb3db15c078b7a') in 0.026433 seconds 
========================================================================
Received Import Request.
  Time since last request: 0.000041 seconds.
  path: Assets/JMO Assets/Cartoon FX (legacy)/Textures/CFX_T_Tornado.png
  artifactKey: Guid(7fe6e3d4e0d540247a6d1af150194b29) Importer(815301076,1909f56bfc062723c751e8b465ee728b)
Start importing Assets/JMO Assets/Cartoon FX (legacy)/Textures/CFX_T_Tornado.png using Guid(7fe6e3d4e0d540247a6d1af150194b29) Importer(815301076,1909f56bfc062723c751e8b465ee728b)  -> (artifact id: '7166760e01014b0a243669c9d15708f3') in 0.026109 seconds 
========================================================================
Received Import Request.
  Time since last request: 0.000030 seconds.
  path: Assets/JMO Assets/Cartoon FX (legacy)/Textures/CFX_T_Text_Zap.tga
  artifactKey: Guid(46b730a4e94830e4c8c03be7abefe890) Importer(815301076,1909f56bfc062723c751e8b465ee728b)
Start importing Assets/JMO Assets/Cartoon FX (legacy)/Textures/CFX_T_Text_Zap.tga using Guid(46b730a4e94830e4c8c03be7abefe890) Importer(815301076,1909f56bfc062723c751e8b465ee728b)  -> (artifact id: '5dc8f1ed9c715b68d86d5359f8481111') in 0.022949 seconds 
========================================================================
Received Import Request.
  Time since last request: 51.385723 seconds.
  path: Assets/JMO Assets/Cartoon FX (legacy)/Materials/Animated/CFX_Anim_Electricity_Add.mat
  artifactKey: Guid(fcb97c6faf083ca4f978210036f3832b) Importer(815301076,1909f56bfc062723c751e8b465ee728b)
Start importing Assets/JMO Assets/Cartoon FX (legacy)/Materials/Animated/CFX_Anim_Electricity_Add.mat using Guid(fcb97c6faf083ca4f978210036f3832b) Importer(815301076,1909f56bfc062723c751e8b465ee728b)  -> (artifact id: '5c361ae83a26a30b6239319c21c02615') in 0.084613 seconds 
Editor requested this worker to shutdown with reason: Scaling down because of idle timeout
AssetImportWorker is now disconnected from the server
Process exiting
Exiting without the bug reporter. Application will terminate with return code 0