Using pre-set license
Built from '2021.3/staging' branch; Version is '2021.3.19f1 (c9714fde33b6) revision 13201743'; Using compiler version '192829333'; Build Type 'Release'
OS: 'Windows 11  (10.0.22621) 64bit Core' Language: 'ko' Physical Memory: 16187 MB
BatchMode: 1, IsHumanControllingUs: 0, StartBugReporterOnCrash: 0, Is64bit: 1, IsPro: 1

COMMAND LINE ARGUMENTS:
C:\Program Files\Unity\Hub\Editor\2021.3.19f1\Editor\Unity.exe
-adb2
-batchMode
-noUpm
-name
AssetImportWorker11
-projectPath
C:/Users/icesh/OneDrive/바탕 화면/MaGame/My project
-logFile
Logs/AssetImportWorker11.log
-srvPort
54275
Successfully changed project path to: C:/Users/icesh/OneDrive/바탕 화면/MaGame/My project
C:/Users/icesh/OneDrive/바탕 화면/MaGame/My project
[UnityMemory] Configuration Parameters - Can be set up in boot.config
    "memorysetup-bucket-allocator-granularity=16"
    "memorysetup-bucket-allocator-bucket-count=8"
    "memorysetup-bucket-allocator-block-size=33554432"
    "memorysetup-bucket-allocator-block-count=8"
    "memorysetup-main-allocator-block-size=16777216"
    "memorysetup-thread-allocator-block-size=16777216"
    "memorysetup-gfx-main-allocator-block-size=16777216"
    "memorysetup-gfx-thread-allocator-block-size=16777216"
    "memorysetup-cache-allocator-block-size=4194304"
    "memorysetup-typetree-allocator-block-size=2097152"
    "memorysetup-profiler-bucket-allocator-granularity=16"
    "memorysetup-profiler-bucket-allocator-bucket-count=8"
    "memorysetup-profiler-bucket-allocator-block-size=33554432"
    "memorysetup-profiler-bucket-allocator-block-count=8"
    "memorysetup-profiler-allocator-block-size=16777216"
    "memorysetup-profiler-editor-allocator-block-size=1048576"
    "memorysetup-temp-allocator-size-main=16777216"
    "memorysetup-job-temp-allocator-block-size=2097152"
    "memorysetup-job-temp-allocator-block-size-background=1048576"
    "memorysetup-job-temp-allocator-reduction-small-platforms=262144"
    "memorysetup-temp-allocator-size-background-worker=32768"
    "memorysetup-temp-allocator-size-job-worker=262144"
    "memorysetup-temp-allocator-size-preload-manager=33554432"
    "memorysetup-temp-allocator-size-nav-mesh-worker=65536"
    "memorysetup-temp-allocator-size-audio-worker=65536"
    "memorysetup-temp-allocator-size-cloud-worker=32768"
    "memorysetup-temp-allocator-size-gi-baking-worker=262144"
    "memorysetup-temp-allocator-size-gfx=262144"
Player connection [29676] Host "[IP] 192.168.24.11 [Port] 0 [Flags] 2 [Guid] 4139450598 [EditorId] 4139450598 [Version] 1048832 [Id] WindowsEditor(7,Main-Notebook) [Debug] 1 [PackageName] WindowsEditor [ProjectName] Editor" joined multi-casting on [225.0.0.222:54997]...

Player connection [29676] Host "[IP] 192.168.24.11 [Port] 0 [Flags] 2 [Guid] 4139450598 [EditorId] 4139450598 [Version] 1048832 [Id] WindowsEditor(7,Main-Notebook) [Debug] 1 [PackageName] WindowsEditor [ProjectName] Editor" joined alternative multi-casting on [225.0.0.222:34997]...

Refreshing native plugins compatible for Editor in 207.34 ms, found 3 plugins.
Preloading 0 native plugins for Editor in 0.00 ms.
Initialize engine version: 2021.3.19f1 (c9714fde33b6)
[Subsystems] Discovering subsystems at path C:/Program Files/Unity/Hub/Editor/2021.3.19f1/Editor/Data/Resources/UnitySubsystems
[Subsystems] Discovering subsystems at path C:/Users/icesh/OneDrive/바탕 화면/MaGame/My project/Assets
GfxDevice: creating device client; threaded=0; jobified=0
Direct3D:
    Version:  Direct3D 11.0 [level 11.1]
    Renderer: NVIDIA GeForce GTX 1660 Ti (ID=0x2191)
    Vendor:   NVIDIA
    VRAM:     5979 MB
    Driver:   31.0.15.3141
Initialize mono
Mono path[0] = 'C:/Program Files/Unity/Hub/Editor/2021.3.19f1/Editor/Data/Managed'
Mono path[1] = 'C:/Program Files/Unity/Hub/Editor/2021.3.19f1/Editor/Data/MonoBleedingEdge/lib/mono/unityjit-win32'
Mono config path = 'C:/Program Files/Unity/Hub/Editor/2021.3.19f1/Editor/Data/MonoBleedingEdge/etc'
Using monoOptions --debugger-agent=transport=dt_socket,embedding=1,server=y,suspend=n,address=127.0.0.1:56484
Begin MonoManager ReloadAssembly
Registering precompiled unity dll's ...
Register platform support module: C:/Program Files/Unity/Hub/Editor/2021.3.19f1/Editor/Data/PlaybackEngines/AndroidPlayer/UnityEditor.Android.Extensions.dll
Register platform support module: C:/Program Files/Unity/Hub/Editor/2021.3.19f1/Editor/Data/PlaybackEngines/WindowsStandaloneSupport/UnityEditor.WindowsStandalone.Extensions.dll
Registered in 0.030052 seconds.
Native extension for WindowsStandalone target not found
Native extension for Android target not found
Android Extension - Scanning For ADB Devices 906 ms
Refreshing native plugins compatible for Editor in 181.68 ms, found 3 plugins.
Preloading 0 native plugins for Editor in 0.00 ms.
Mono: successfully reloaded assembly
- Completed reload, in  2.606 seconds
Domain Reload Profiling:
	ReloadAssembly (2606ms)
		BeginReloadAssembly (242ms)
			ExecutionOrderSort (0ms)
			DisableScriptedObjects (0ms)
			BackupInstance (0ms)
			ReleaseScriptingObjects (0ms)
			CreateAndSetChildDomain (1ms)
		EndReloadAssembly (2072ms)
			LoadAssemblies (237ms)
			RebuildTransferFunctionScriptingTraits (0ms)
			SetupTypeCache (295ms)
			ReleaseScriptCaches (0ms)
			RebuildScriptCaches (113ms)
			SetupLoadedEditorAssemblies (1526ms)
				LogAssemblyErrors (0ms)
				InitializePlatformSupportModulesInManaged (1047ms)
				SetLoadedEditorAssemblies (0ms)
				RefreshPlugins (182ms)
				BeforeProcessingInitializeOnLoad (2ms)
				ProcessInitializeOnLoadAttributes (186ms)
				ProcessInitializeOnLoadMethodAttributes (108ms)
				AfterProcessingInitializeOnLoad (0ms)
				EditorAssembliesLoaded (0ms)
			ExecutionOrderSort2 (0ms)
			AwakeInstancesAfterBackupRestoration (0ms)
Platform modules already initialized, skipping
Registering precompiled user dll's ...
Registered in 0.018540 seconds.
Begin MonoManager ReloadAssembly
Symbol file LoadedFromMemory doesn't match image C:\Users\icesh\OneDrive\바탕 화면\MaGame\My project\Library\PackageCache\com.unity.visualscripting@1.8.0\Editor\VisualScripting.Core\Dependencies\YamlDotNet\Unity.VisualScripting.YamlDotNet.dll
Symbol file LoadedFromMemory doesn't match image C:\Users\icesh\OneDrive\바탕 화면\MaGame\My project\Library\PackageCache\com.unity.visualscripting@1.8.0\Editor\VisualScripting.Core\Dependencies\DotNetZip\Unity.VisualScripting.IonicZip.dll
Native extension for WindowsStandalone target not found
Native extension for Android target not found
Refreshing native plugins compatible for Editor in 0.78 ms, found 3 plugins.
Preloading 0 native plugins for Editor in 0.00 ms.
System.Exception: Error! Visual Scripting: couldn't find visual scripting package
  at Unity.VisualScripting.PackageVersionUtility.get_version () [0x00043] in C:\Users\icesh\OneDrive\바탕 화면\MaGame\My project\Library\PackageCache\com.unity.visualscripting@1.8.0\Editor\VisualScripting.Core\Utilities\PackageVersionUtility.cs:31 
  at Unity.VisualScripting.BoltCoreManifest.get_version () [0x00000] in C:\Users\icesh\OneDrive\바탕 화면\MaGame\My project\Library\PackageCache\com.unity.visualscripting@1.8.0\Editor\VisualScripting.Core\Plugin\BoltCoreManifest.cs:11 
  at Unity.VisualScripting.PluginManifest.get_currentVersion () [0x00000] in C:\Users\icesh\OneDrive\바탕 화면\MaGame\My project\Library\PackageCache\com.unity.visualscripting@1.8.0\Editor\VisualScripting.Core\Plugins\PluginManifest.cs:33 
  at Unity.VisualScripting.PluginManifest.get_versionMismatch () [0x00000] in C:\Users\icesh\OneDrive\바탕 화면\MaGame\My project\Library\PackageCache\com.unity.visualscripting@1.8.0\Editor\VisualScripting.Core\Plugins\PluginManifest.cs:48 
  at Unity.VisualScripting.PluginContainer.Initialize () [0x00525] in C:\Users\icesh\OneDrive\바탕 화면\MaGame\My project\Library\PackageCache\com.unity.visualscripting@1.8.0\Editor\VisualScripting.Core\Plugins\PluginContainer.cs:208 
  at Unity.VisualScripting.PluginContainer.InitializeOnLoad () [0x00009] in C:\Users\icesh\OneDrive\바탕 화면\MaGame\My project\Library\PackageCache\com.unity.visualscripting@1.8.0\Editor\VisualScripting.Core\Plugins\PluginContainer.cs:32 
  at Unity.VisualScripting.VSUsageUtility.DoInitializeOnLoadCalls () [0x00034] in C:\Users\icesh\OneDrive\바탕 화면\MaGame\My project\Library\PackageCache\com.unity.visualscripting@1.8.0\Editor\VisualScripting.Core\Utilities\VSUsageUtility.cs:76 
  at Unity.VisualScripting.VSUsageUtility.set_isVisualScriptingUsed (System.Boolean value) [0x0002c] in C:\Users\icesh\OneDrive\바탕 화면\MaGame\My project\Library\PackageCache\com.unity.visualscripting@1.8.0\Editor\VisualScripting.Core\Utilities\VSUsageUtility.cs:114 
  at Unity.VisualScripting.VSUsageUtility.CheckAndSetIsVisualScriptingUsed () [0x00032] in C:\Users\icesh\OneDrive\바탕 화면\MaGame\My project\Library\PackageCache\com.unity.visualscripting@1.8.0\Editor\VisualScripting.Core\Utilities\VSUsageUtility.cs:48 
  at Unity.VisualScripting.VSUsageUtility..cctor () [0x00000] in C:\Users\icesh\OneDrive\바탕 화면\MaGame\My project\Library\PackageCache\com.unity.visualscripting@1.8.0\Editor\VisualScripting.Core\Utilities\VSUsageUtility.cs:22 
UnityEngine.StackTraceUtility:ExtractStackTrace ()
UnityEngine.DebugLogHandler:LogFormat (UnityEngine.LogType,UnityEngine.Object,string,object[])
UnityEngine.Logger:Log (UnityEngine.LogType,object)
UnityEngine.Debug:LogError (object)
UnityEditor.EditorAssemblies:ProcessInitializeOnLoadAttributes (System.Type[])

Mono: successfully reloaded assembly
- Completed reload, in  2.775 seconds
Domain Reload Profiling:
	ReloadAssembly (2776ms)
		BeginReloadAssembly (260ms)
			ExecutionOrderSort (0ms)
			DisableScriptedObjects (12ms)
			BackupInstance (0ms)
			ReleaseScriptingObjects (0ms)
			CreateAndSetChildDomain (36ms)
		EndReloadAssembly (2283ms)
			LoadAssemblies (214ms)
			RebuildTransferFunctionScriptingTraits (0ms)
			SetupTypeCache (510ms)
			ReleaseScriptCaches (1ms)
			RebuildScriptCaches (98ms)
			SetupLoadedEditorAssemblies (1389ms)
				LogAssemblyErrors (0ms)
				InitializePlatformSupportModulesInManaged (36ms)
				SetLoadedEditorAssemblies (1ms)
				RefreshPlugins (1ms)
				BeforeProcessingInitializeOnLoad (165ms)
				ProcessInitializeOnLoadAttributes (1101ms)
				ProcessInitializeOnLoadMethodAttributes (56ms)
				AfterProcessingInitializeOnLoad (29ms)
				EditorAssembliesLoaded (0ms)
			ExecutionOrderSort2 (0ms)
			AwakeInstancesAfterBackupRestoration (28ms)
Platform modules already initialized, skipping
========================================================================
Worker process is ready to serve import requests
Launched and connected shader compiler UnityShaderCompiler.exe after 0.16 seconds
Refreshing native plugins compatible for Editor in 1.55 ms, found 3 plugins.
Preloading 0 native plugins for Editor in 0.00 ms.
Unloading 3277 Unused Serialized files (Serialized files now loaded: 0)
Unloading 26 unused Assets / (56.6 KB). Loaded Objects now: 3750.
Memory consumption went from 125.3 MB to 125.3 MB.
Total: 22.327800 ms (FindLiveObjects: 0.572900 ms CreateObjectMapping: 0.428300 ms MarkObjects: 21.222700 ms  DeleteObjects: 0.102400 ms)

AssetImportParameters requested are different than current active one (requested -> active):
  custom:video-decoder-ogg-theora: a1e56fd34408186e4bbccfd4996cb3dc -> 
  custom:container-muxer-webm: aa71ff27fc2769a1b78a27578f13a17b -> 
  custom:container-demuxer-webm: 4f35f7cbe854078d1ac9338744f61a02 -> 
  custom:video-encoder-webm-vp8: eb34c28f22e8b96e1ab97ce403110664 -> 
  custom:audio-encoder-webm-vorbis: bf7c407c2cedff20999df2af8eb42d56 -> 
  custom:framework-win-MediaFoundation: 216162199b28c13a410421893ffa2e32 -> 
  custom:container-demuxer-ogg: 62fdf1f143b41e24485cea50d1cbac27 -> 
  custom:video-decoder-webm-vp8: 9c59270c3fd7afecdb556c50c9e8de78 -> 
  custom:audio-decoder-ogg-vorbis: bf7c407c2cedff20999df2af8eb42d56 -> 
========================================================================
Received Import Request.
  Time since last request: 4964.455220 seconds.
  path: Assets/JMO Assets/Cartoon FX (legacy)/Textures/CFX_T_Anim8_Triangle2 1.png
  artifactKey: Guid(3dc63fa204bbb6b45adff1b3a76a4406) Importer(815301076,1909f56bfc062723c751e8b465ee728b)
Start importing Assets/JMO Assets/Cartoon FX (legacy)/Textures/CFX_T_Anim8_Triangle2 1.png using Guid(3dc63fa204bbb6b45adff1b3a76a4406) Importer(815301076,1909f56bfc062723c751e8b465ee728b)  -> (artifact id: 'a0051e3de14dbd1c7402946e0b1deabe') in 0.109878 seconds 
========================================================================
Received Import Request.
  Time since last request: 21.892971 seconds.
  path: Assets/Sprites/FxImage/CFX_T_Anim8_Triangle2.png
  artifactKey: Guid(3dc63fa204bbb6b45adff1b3a76a4406) Importer(815301076,1909f56bfc062723c751e8b465ee728b)
Start importing Assets/Sprites/FxImage/CFX_T_Anim8_Triangle2.png using Guid(3dc63fa204bbb6b45adff1b3a76a4406) Importer(815301076,1909f56bfc062723c751e8b465ee728b)  -> (artifact id: '6346d7e3db766022971f47de89ef3fe4') in 0.012020 seconds 
========================================================================
Received Import Request.
  Time since last request: 18.430584 seconds.
  path: Assets/JMO Assets/Cartoon FX (legacy)/Materials/Animated/CFX2_Anim_Bat Multiply.mat
  artifactKey: Guid(653d8478f72eda9478f558c843ccb9f7) Importer(815301076,1909f56bfc062723c751e8b465ee728b)
Start importing Assets/JMO Assets/Cartoon FX (legacy)/Materials/Animated/CFX2_Anim_Bat Multiply.mat using Guid(653d8478f72eda9478f558c843ccb9f7) Importer(815301076,1909f56bfc062723c751e8b465ee728b)  -> (artifact id: '2f65bdc685d3563bc59de14f3797c1e4') in 0.324185 seconds 
========================================================================
Received Import Request.
  Time since last request: 8.299516 seconds.
  path: Assets
  artifactKey: Guid(00000000000000001000000000000000) Importer(815301076,1909f56bfc062723c751e8b465ee728b)
Start importing Assets using Guid(00000000000000001000000000000000) Importer(815301076,1909f56bfc062723c751e8b465ee728b)  -> (artifact id: '79842766b460edbeab6a34051e857a80') in 0.009796 seconds 
========================================================================
Received Import Request.
  Time since last request: 10.286142 seconds.
  path: Assets/FxMatarial
  artifactKey: Guid(7455625a1126a8f448006f02b6dd3385) Importer(815301076,1909f56bfc062723c751e8b465ee728b)
Start importing Assets/FxMatarial using Guid(7455625a1126a8f448006f02b6dd3385) Importer(815301076,1909f56bfc062723c751e8b465ee728b)  -> (artifact id: '2231487fd9fe52c5e292db6ff4c830f2') in 0.009299 seconds 
========================================================================
Received Import Request.
  Time since last request: 3.238320 seconds.
  path: Assets/FxMaterial
  artifactKey: Guid(7455625a1126a8f448006f02b6dd3385) Importer(815301076,1909f56bfc062723c751e8b465ee728b)
Start importing Assets/FxMaterial using Guid(7455625a1126a8f448006f02b6dd3385) Importer(815301076,1909f56bfc062723c751e8b465ee728b)  -> (artifact id: '711363461ffd5e9880ac5f59172d0f63') in 0.010213 seconds 
========================================================================
Received Import Request.
  Time since last request: 23.761337 seconds.
  path: Assets/CFX_Anim_Triangle2_AlphaBlendedPremult.mat
  artifactKey: Guid(c2827d910861c5147a5ece853711e5de) Importer(815301076,1909f56bfc062723c751e8b465ee728b)
Start importing Assets/CFX_Anim_Triangle2_AlphaBlendedPremult.mat using Guid(c2827d910861c5147a5ece853711e5de) Importer(815301076,1909f56bfc062723c751e8b465ee728b)  -> (artifact id: '33145d109756221761c57f3f5eaa26ad') in 0.017921 seconds 
========================================================================
Received Import Request.
  Time since last request: 7.090011 seconds.
  path: Assets/JMO Assets/Cartoon FX (legacy)/Materials/Animated/CFX_Anim_Triangle2_AlphaBlendedPremult.mat
  artifactKey: Guid(4d5a52cb18e09b843887aee389016b8d) Importer(815301076,1909f56bfc062723c751e8b465ee728b)
Start importing Assets/JMO Assets/Cartoon FX (legacy)/Materials/Animated/CFX_Anim_Triangle2_AlphaBlendedPremult.mat using Guid(4d5a52cb18e09b843887aee389016b8d) Importer(815301076,1909f56bfc062723c751e8b465ee728b)  -> (artifact id: 'd99ee773aaa80a8d0a48f3d16536f71a') in 0.012271 seconds 
========================================================================
Received Import Request.
  Time since last request: 16.672375 seconds.
  path: Assets/FxMaterial/CFX_Anim_Poof_Add.mat
  artifactKey: Guid(63a6462f9ad94ba439a3d02a3772deae) Importer(815301076,1909f56bfc062723c751e8b465ee728b)
Start importing Assets/FxMaterial/CFX_Anim_Poof_Add.mat using Guid(63a6462f9ad94ba439a3d02a3772deae) Importer(815301076,1909f56bfc062723c751e8b465ee728b)  -> (artifact id: 'c425ad4f15cb4bb9963225d22a4202fe') in 0.012994 seconds 
========================================================================
Received Import Request.
  Time since last request: 11.999227 seconds.
  path: Assets/FxMaterial/CFX_Anim_Bubble_Add.mat
  artifactKey: Guid(fe225fdc56418ec4cb349e84b2ad3b87) Importer(815301076,1909f56bfc062723c751e8b465ee728b)
Start importing Assets/FxMaterial/CFX_Anim_Bubble_Add.mat using Guid(fe225fdc56418ec4cb349e84b2ad3b87) Importer(815301076,1909f56bfc062723c751e8b465ee728b)  -> (artifact id: 'c031fb11c05b3e34724ae4b28b3b1e68') in 0.015007 seconds 
========================================================================
Received Import Request.
  Time since last request: 1.231299 seconds.
  path: Assets/JMO Assets/Cartoon FX (legacy)/Materials/Misc/CFX_Smoke_4frms.mat
  artifactKey: Guid(3217b570b11b257469c5461f0457e5d4) Importer(815301076,1909f56bfc062723c751e8b465ee728b)
Start importing Assets/JMO Assets/Cartoon FX (legacy)/Materials/Misc/CFX_Smoke_4frms.mat using Guid(3217b570b11b257469c5461f0457e5d4) Importer(815301076,1909f56bfc062723c751e8b465ee728b)  -> (artifact id: 'de3fe0ca3cfd3abe72247f8803f88a00') in 0.027031 seconds 
========================================================================
Received Import Request.
  Time since last request: 2.429028 seconds.
  path: Assets/JMO Assets/Cartoon FX (legacy)/Materials/Misc/CFX2_Debris_SmallRocks AB 4Frames.mat
  artifactKey: Guid(d5510d53a0740714d8094e9574e424fe) Importer(815301076,1909f56bfc062723c751e8b465ee728b)
Start importing Assets/JMO Assets/Cartoon FX (legacy)/Materials/Misc/CFX2_Debris_SmallRocks AB 4Frames.mat using Guid(d5510d53a0740714d8094e9574e424fe) Importer(815301076,1909f56bfc062723c751e8b465ee728b)  -> (artifact id: '89de61f655fb6f85022b039486bf6e79') in 0.030692 seconds 
========================================================================
Received Import Request.
  Time since last request: 0.020308 seconds.
  path: Assets/JMO Assets/Cartoon FX (legacy)/Materials/Misc/CFX2_WWSmoke ABP.mat
  artifactKey: Guid(c2b6d89793f7f774ca8040eb59feb250) Importer(815301076,1909f56bfc062723c751e8b465ee728b)
Start importing Assets/JMO Assets/Cartoon FX (legacy)/Materials/Misc/CFX2_WWSmoke ABP.mat using Guid(c2b6d89793f7f774ca8040eb59feb250) Importer(815301076,1909f56bfc062723c751e8b465ee728b)  -> (artifact id: '9290050f00f049005c53819697ac15e2') in 0.024000 seconds 
========================================================================
Received Import Request.
  Time since last request: 0.000028 seconds.
  path: Assets/JMO Assets/Cartoon FX (legacy)/Materials/Misc/CFX3_SmokePuff MULT.mat
  artifactKey: Guid(25cbaca39ac0e3f47b4db172e11cb9aa) Importer(815301076,1909f56bfc062723c751e8b465ee728b)
Start importing Assets/JMO Assets/Cartoon FX (legacy)/Materials/Misc/CFX3_SmokePuff MULT.mat using Guid(25cbaca39ac0e3f47b4db172e11cb9aa) Importer(815301076,1909f56bfc062723c751e8b465ee728b)  -> (artifact id: '6e3f920582f8a9af88be176e1ef03190') in 0.032140 seconds 
========================================================================
Received Import Request.
  Time since last request: 0.000048 seconds.
  path: Assets/JMO Assets/Cartoon FX (legacy)/Materials/Misc/CFX4_PaintHit AB.mat
  artifactKey: Guid(27dd61234320b5449a30b298b41751ab) Importer(815301076,1909f56bfc062723c751e8b465ee728b)
Start importing Assets/JMO Assets/Cartoon FX (legacy)/Materials/Misc/CFX4_PaintHit AB.mat using Guid(27dd61234320b5449a30b298b41751ab) Importer(815301076,1909f56bfc062723c751e8b465ee728b)  -> (artifact id: 'faeeffa4ff8c1b2181eb790185462915') in 0.027048 seconds 
========================================================================
Received Import Request.
  Time since last request: 0.000033 seconds.
  path: Assets/JMO Assets/Cartoon FX (legacy)/Materials/Misc/CFX_Skull.mat
  artifactKey: Guid(24c8b679c66c15248a42885dddffc9e5) Importer(815301076,1909f56bfc062723c751e8b465ee728b)
Start importing Assets/JMO Assets/Cartoon FX (legacy)/Materials/Misc/CFX_Skull.mat using Guid(24c8b679c66c15248a42885dddffc9e5) Importer(815301076,1909f56bfc062723c751e8b465ee728b)  -> (artifact id: '42f56a038d9daf8cd6f96f09a559fb54') in 0.047499 seconds 
========================================================================
Received Import Request.
  Time since last request: 0.000034 seconds.
  path: Assets/JMO Assets/Cartoon FX (legacy)/Materials/Misc/CFX4_Circle AB.mat
  artifactKey: Guid(4487b6501f1381549872ae22738916a3) Importer(815301076,1909f56bfc062723c751e8b465ee728b)
Start importing Assets/JMO Assets/Cartoon FX (legacy)/Materials/Misc/CFX4_Circle AB.mat using Guid(4487b6501f1381549872ae22738916a3) Importer(815301076,1909f56bfc062723c751e8b465ee728b)  -> (artifact id: 'f9c7c822cbd78d5e985e22a222b4cb96') in 0.093077 seconds 
========================================================================
Received Import Request.
  Time since last request: 0.000034 seconds.
  path: Assets/JMO Assets/Cartoon FX (legacy)/Materials/Misc/CFX4_SparksHit AddSoft.mat
  artifactKey: Guid(35db7f8fdfbb7fe4eae9054b84300460) Importer(815301076,1909f56bfc062723c751e8b465ee728b)
Start importing Assets/JMO Assets/Cartoon FX (legacy)/Materials/Misc/CFX4_SparksHit AddSoft.mat using Guid(35db7f8fdfbb7fe4eae9054b84300460) Importer(815301076,1909f56bfc062723c751e8b465ee728b)  -> (artifact id: '12c639c84a60aa69b6d698a526a155a5') in 0.022436 seconds 
========================================================================
Received Import Request.
  Time since last request: 0.000038 seconds.
  path: Assets/JMO Assets/Cartoon FX (legacy)/Materials/Misc/CFX_WhiteCircle.mat
  artifactKey: Guid(1fdeac39b28b45742b821b6c8acff998) Importer(815301076,1909f56bfc062723c751e8b465ee728b)
Start importing Assets/JMO Assets/Cartoon FX (legacy)/Materials/Misc/CFX_WhiteCircle.mat using Guid(1fdeac39b28b45742b821b6c8acff998) Importer(815301076,1909f56bfc062723c751e8b465ee728b)  -> (artifact id: '4a2f01f3dbcaad93b242876dd26c9374') in 0.025403 seconds 
========================================================================
Received Import Request.
  Time since last request: 0.000032 seconds.
  path: Assets/JMO Assets/Cartoon FX (legacy)/Materials/Misc/CFX3_SmokePuff ADDSOFT.mat
  artifactKey: Guid(f12d680b3c37c3c4fae5c220798d9977) Importer(815301076,1909f56bfc062723c751e8b465ee728b)
Start importing Assets/JMO Assets/Cartoon FX (legacy)/Materials/Misc/CFX3_SmokePuff ADDSOFT.mat using Guid(f12d680b3c37c3c4fae5c220798d9977) Importer(815301076,1909f56bfc062723c751e8b465ee728b)  -> (artifact id: 'b711f2ec7c11452d9857ff36385b231b') in 0.024752 seconds 
========================================================================
Received Import Request.
  Time since last request: 0.000027 seconds.
  path: Assets/JMO Assets/Cartoon FX (legacy)/Materials/Misc/CFX2_WWSmoke AB.mat
  artifactKey: Guid(b4763647fd335254fb87da94740402ca) Importer(815301076,1909f56bfc062723c751e8b465ee728b)
Start importing Assets/JMO Assets/Cartoon FX (legacy)/Materials/Misc/CFX2_WWSmoke AB.mat using Guid(b4763647fd335254fb87da94740402ca) Importer(815301076,1909f56bfc062723c751e8b465ee728b)  -> (artifact id: 'da9d64f6e4b67dd3c827db52a636ca6d') in 0.028596 seconds 
Editor requested this worker to shutdown with reason: Scaling down because of idle timeout
AssetImportWorker is now disconnected from the server
Process exiting
Exiting without the bug reporter. Application will terminate with return code 0